39.7862 	WARNING 	User requested fullscreen with size [1280  800], but screen is actually [2560, 1440]. Using actual size
42.4099 	EXP 	Created window1 = Window(allowGUI=True, allowStencil=False, autoLog=True, backendConf=UNKNOWN, backgroundFit=<method-wrapper '__getattribute__' of attributeSetter object at 0x0000017E18DA2CD0>, backgroundImage=<method-wrapper '__getattribute__' of attributeSetter object at 0x0000017E18DA2C70>, bitsMode=UNKNOWN, blendMode='avg', bpc=(8, 8, 8), color=array([0, 0, 0]), colorSpace='rgb', depthBits=8, fullscr=<method-wrapper '__getattribute__' of attributeSetter object at 0x0000017E18DA2AF0>, gamma=None, gammaErrorPolicy='raise', lms=UNKNOWN, monitor=<psychopy.monitors.calibTools.Monitor object at 0x0000017E1922D910>, multiSample=False, name='window1', numSamples=2, pos=(0, 0), screen=0, size=array([2560, 1440]), stencilBits=0, stereo=False, title='PsychoPy', units='deg', useFBO=True, useRetina=False, viewOri=0.0, viewPos=None, viewScale=None, waitBlanking=True, winType='pyglet')
42.4100 	EXP 	window1: mouseVisible = True
42.4101 	EXP 	window1: backgroundImage = ''
42.4101 	EXP 	window1: backgroundFit = 'none'
42.4130 	EXP 	window1: Attempting to measure frame rate of screen (0) ...
42.4131 	EXP 	window1: recordFrameIntervals = False
42.5090 	EXP 	window1: recordFrameIntervals = True
42.6193 	EXP 	Screen (0) actual frame rate measured at 99.90Hz
42.6193 	EXP 	window1: recordFrameIntervals = False
42.6195 	EXP 	window1: mouseVisible = False
45.7423 	EXP 	ASRT_motor: status = STARTED
45.7427 	EXP 	window1: mouseVisible = True
45.9486 	EXP 	Created spaceship = ImageStim(__class__=<class 'psychopy.visual.image.ImageStim'>, anchor=('center', 'center'), autoLog=True, color=array([1., 1., 1.]), colorSpace='rgb', contrast=1.0, depth=0.0, draggable=False, flipHoriz=False, flipVert=False, image='images/spaceship.jpg', interpolate=True, mask=None, maskParams=None, name='spaceship', opacity=0.3, ori=0.0, pos=array([0., 0.]), size=array([128.,  64.]), texRes=128.0, units='deg', win=Window(...))
45.9491 	EXP 	window1: mouseVisible = True
46.5853 	EXP 	Created welcometext = TextStim(__class__=<class 'psychopy.visual.text.TextStim'>, alignHoriz=method-wrapper(...), alignText='center', alignVert=method-wrapper(...), anchorHoriz='center', anchorVert='center', antialias=True, autoDraw=False, autoLog=True, bold=False, color=array([-1.,  1.,  1.]), colorSpace='rgb', contrast=1.0, depth=-1.0, draggable=False, flipHoriz=False, flipVert=False, font='DFKai-SB', fontFiles=[], height=2.0, italic=False, languageStyle='LTR', name='welcometext', opacity=1.0, ori=0.0, pos=array([0., 0.]), rgb=UNKNOWN, text=str(...), units='deg', win=Window(...), wrapWidth=30.0)
46.9809 	EXP 	window1: mouseVisible = True
46.9867 	EXP 	Created arrowhead = ShapeStim(__class__=<class 'psychopy.visual.shape.ShapeStim'>, anchor=('center', 'center'), autoDraw=False, autoLog=True, closeShape=True, color=method-wrapper(...), colorSpace='rgb', contrast=None, depth=0.0, draggable=False, fillColor=array([1, 1, 1]), fillColorSpace='rgb', fillRGB=array([1, 1, 1]), interpolate=True, lineColor=array([1., 1., 1.]), lineColorSpace='rgb', lineRGB=array([1, 1, 1]), lineWidth=1.0, name='arrowhead', opacity=1.0, ori=1.0, pos=array([0., 0.]), size=array([3., 3.]), units='deg', vertices=ndarray(...), win=Window(...), windingRule=None)
46.9870 	EXP 	window1: mouseVisible = True
46.9923 	EXP 	Created correct_key = TextStim(__class__=<class 'psychopy.visual.text.TextStim'>, alignHoriz=method-wrapper(...), alignText='center', alignVert=method-wrapper(...), anchorHoriz='center', anchorVert='center', antialias=True, autoDraw=False, autoLog=True, bold=False, color=array([1., 1., 1.]), colorSpace='rgb', contrast=1.0, depth=-3.0, draggable=False, flipHoriz=False, flipVert=False, font='Open Sans', fontFiles=[], height=2.0, italic=False, languageStyle='LTR', name='correct_key', opacity=1.0, ori=0.0, pos=array([ 0., -8.]), rgb=UNKNOWN, text='', units='deg', win=Window(...), wrapWidth=15.0)
46.9925 	EXP 	window1: mouseVisible = True
46.9975 	EXP 	Created cross = ShapeStim(__class__=<class 'psychopy.visual.shape.ShapeStim'>, anchor=('center', 'center'), autoDraw=False, autoLog=True, closeShape=True, color=method-wrapper(...), colorSpace='rgb', contrast=None, depth=0.0, draggable=False, fillColor=array([-1, -1, -1]), fillColorSpace='rgb', fillRGB=array([-1, -1, -1]), interpolate=True, lineColor=array([-1., -1., -1.]), lineColorSpace='rgb', lineRGB=array([-1, -1, -1]), lineWidth=1.0, name='cross', opacity=1.0, ori=0.0, pos=array([0., 0.]), size=array([2., 2.]), units='deg', vertices=ndarray(...), win=Window(...), windingRule=None)
46.9977 	EXP 	window1: mouseVisible = True
47.0012 	EXP 	Created feedback_text = TextStim(__class__=<class 'psychopy.visual.text.TextStim'>, alignHoriz=method-wrapper(...), alignText='center', alignVert=method-wrapper(...), anchorHoriz='center', anchorVert='center', antialias=True, autoDraw=False, autoLog=True, bold=False, color=array([1., 1., 1.]), colorSpace='rgb', contrast=1.0, depth=-2.0, draggable=False, flipHoriz=False, flipVert=False, font='DFKai-SB', fontFiles=[], height=3.0, italic=False, languageStyle='LTR', name='feedback_text', opacity=1.0, ori=0.0, pos=array([ 0., -5.]), rgb=UNKNOWN, text='', units='deg', win=Window(...), wrapWidth=15.0)
47.0014 	EXP 	window1: mouseVisible = True
47.0040 	EXP 	Created feedback_post_section = TextStim(__class__=<class 'psychopy.visual.text.TextStim'>, alignHoriz=method-wrapper(...), alignText='center', alignVert=method-wrapper(...), anchorHoriz='center', anchorVert='center', antialias=True, autoDraw=False, autoLog=True, bold=False, color=array([1., 1., 1.]), colorSpace='rgb', contrast=1.0, depth=-1.0, draggable=False, flipHoriz=False, flipVert=False, font='DFKai-SB', fontFiles=[], height=2.0, italic=False, languageStyle='LTR', name='feedback_post_section', opacity=1.0, ori=0.0, pos=array([0., 0.]), rgb=UNKNOWN, text='', units='deg', win=Window(...), wrapWidth=15.0)
47.0042 	EXP 	window1: mouseVisible = True
47.2284 	EXP 	Created spaceship_rotated = ImageStim(__class__=<class 'psychopy.visual.image.ImageStim'>, anchor=('center', 'center'), autoLog=True, color=array([1., 1., 1.]), colorSpace='rgb', contrast=1.0, depth=0.0, draggable=False, flipHoriz=False, flipVert=True, image='images/spaceship.jpg', interpolate=True, mask=None, maskParams=None, name='spaceship_rotated', opacity=0.3, ori=-45.0, pos=array([0., 0.]), size=array([128.,  64.]), texRes=128.0, units='deg', win=Window(...))
47.2287 	EXP 	window1: mouseVisible = True
47.3169 	EXP 	Created rotation_instruction = TextStim(__class__=<class 'psychopy.visual.text.TextStim'>, alignHoriz=method-wrapper(...), alignText='center', alignVert=method-wrapper(...), anchorHoriz='center', anchorVert='center', antialias=True, autoDraw=False, autoLog=True, bold=False, color=array([-1.,  1.,  1.]), colorSpace='rgb', contrast=1.0, depth=-1.0, draggable=False, flipHoriz=False, flipVert=False, font='DFKai-SB', fontFiles=[], height=2.0, italic=False, languageStyle='LTR', name='rotation_instruction', opacity=1.0, ori=0.0, pos=array([0., 0.]), rgb=UNKNOWN, text=str(...), units='deg', win=Window(...), wrapWidth=30.0)
47.3172 	EXP 	window1: mouseVisible = True
47.3228 	EXP 	Created arrowhead = ShapeStim(__class__=<class 'psychopy.visual.shape.ShapeStim'>, anchor=('center', 'center'), autoDraw=False, autoLog=True, closeShape=True, color=method-wrapper(...), colorSpace='rgb', contrast=None, depth=0.0, draggable=False, fillColor=array([1, 1, 1]), fillColorSpace='rgb', fillRGB=array([1, 1, 1]), interpolate=True, lineColor=array([1., 1., 1.]), lineColorSpace='rgb', lineRGB=array([1, 1, 1]), lineWidth=1.0, name='arrowhead', opacity=1.0, ori=1.0, pos=array([0., 0.]), size=array([3., 3.]), units='deg', vertices=ndarray(...), win=Window(...), windingRule=None)
47.3231 	EXP 	window1: mouseVisible = True
47.3263 	EXP 	Created correct_key = TextStim(__class__=<class 'psychopy.visual.text.TextStim'>, alignHoriz=method-wrapper(...), alignText='center', alignVert=method-wrapper(...), anchorHoriz='center', anchorVert='center', antialias=True, autoDraw=False, autoLog=True, bold=False, color=array([1., 1., 1.]), colorSpace='rgb', contrast=1.0, depth=-3.0, draggable=False, flipHoriz=False, flipVert=False, font='Open Sans', fontFiles=[], height=2.0, italic=False, languageStyle='LTR', name='correct_key', opacity=1.0, ori=0.0, pos=array([ 0., -8.]), rgb=UNKNOWN, text='', units='deg', win=Window(...), wrapWidth=15.0)
47.3265 	EXP 	window1: mouseVisible = True
47.3319 	EXP 	Created cross = ShapeStim(__class__=<class 'psychopy.visual.shape.ShapeStim'>, anchor=('center', 'center'), autoDraw=False, autoLog=True, closeShape=True, color=method-wrapper(...), colorSpace='rgb', contrast=None, depth=0.0, draggable=False, fillColor=array([-1, -1, -1]), fillColorSpace='rgb', fillRGB=array([-1, -1, -1]), interpolate=True, lineColor=array([-1., -1., -1.]), lineColorSpace='rgb', lineRGB=array([-1, -1, -1]), lineWidth=1.0, name='cross', opacity=1.0, ori=0.0, pos=array([0., 0.]), size=array([2., 2.]), units='deg', vertices=ndarray(...), win=Window(...), windingRule=None)
47.3324 	EXP 	window1: mouseVisible = True
47.3352 	EXP 	Created feedback_text = TextStim(__class__=<class 'psychopy.visual.text.TextStim'>, alignHoriz=method-wrapper(...), alignText='center', alignVert=method-wrapper(...), anchorHoriz='center', anchorVert='center', antialias=True, autoDraw=False, autoLog=True, bold=False, color=array([1., 1., 1.]), colorSpace='rgb', contrast=1.0, depth=-2.0, draggable=False, flipHoriz=False, flipVert=False, font='DFKai-SB', fontFiles=[], height=3.0, italic=False, languageStyle='LTR', name='feedback_text', opacity=1.0, ori=0.0, pos=array([ 0., -5.]), rgb=UNKNOWN, text='', units='deg', win=Window(...), wrapWidth=15.0)
47.3354 	EXP 	window1: mouseVisible = True
47.3378 	EXP 	Created feedback_post_section = TextStim(__class__=<class 'psychopy.visual.text.TextStim'>, alignHoriz=method-wrapper(...), alignText='center', alignVert=method-wrapper(...), anchorHoriz='center', anchorVert='center', antialias=True, autoDraw=False, autoLog=True, bold=False, color=array([1., 1., 1.]), colorSpace='rgb', contrast=1.0, depth=-1.0, draggable=False, flipHoriz=False, flipVert=False, font='DFKai-SB', fontFiles=[], height=2.0, italic=False, languageStyle='LTR', name='feedback_post_section', opacity=1.0, ori=0.0, pos=array([0., 0.]), rgb=UNKNOWN, text='', units='deg', win=Window(...), wrapWidth=15.0)
47.3381 	EXP 	window1: mouseVisible = True
47.3430 	EXP 	Created arrowhead = ShapeStim(__class__=<class 'psychopy.visual.shape.ShapeStim'>, anchor=('center', 'center'), autoDraw=False, autoLog=True, closeShape=True, color=method-wrapper(...), colorSpace='rgb', contrast=None, depth=0.0, draggable=False, fillColor=array([1, 1, 1]), fillColorSpace='rgb', fillRGB=array([1, 1, 1]), interpolate=True, lineColor=array([1., 1., 1.]), lineColorSpace='rgb', lineRGB=array([1, 1, 1]), lineWidth=1.0, name='arrowhead', opacity=1.0, ori=1.0, pos=array([0., 0.]), size=array([3., 3.]), units='deg', vertices=ndarray(...), win=Window(...), windingRule=None)
47.3432 	EXP 	window1: mouseVisible = True
47.3463 	EXP 	Created correct_key = TextStim(__class__=<class 'psychopy.visual.text.TextStim'>, alignHoriz=method-wrapper(...), alignText='center', alignVert=method-wrapper(...), anchorHoriz='center', anchorVert='center', antialias=True, autoDraw=False, autoLog=True, bold=False, color=array([1., 1., 1.]), colorSpace='rgb', contrast=1.0, depth=-3.0, draggable=False, flipHoriz=False, flipVert=False, font='Open Sans', fontFiles=[], height=2.0, italic=False, languageStyle='LTR', name='correct_key', opacity=1.0, ori=0.0, pos=array([ 0., -8.]), rgb=UNKNOWN, text='', units='deg', win=Window(...), wrapWidth=15.0)
47.3465 	EXP 	window1: mouseVisible = True
47.3516 	EXP 	Created cross_2 = ShapeStim(__class__=<class 'psychopy.visual.shape.ShapeStim'>, anchor=('center', 'center'), autoDraw=False, autoLog=True, closeShape=True, color=method-wrapper(...), colorSpace='rgb', contrast=None, depth=0.0, draggable=False, fillColor=array([-1, -1, -1]), fillColorSpace='rgb', fillRGB=array([-1, -1, -1]), interpolate=True, lineColor=array([-1., -1., -1.]), lineColorSpace='rgb', lineRGB=array([-1, -1, -1]), lineWidth=1.0, name='cross_2', opacity=1.0, ori=0.0, pos=array([0., 0.]), size=array([2., 2.]), units='deg', vertices=ndarray(...), win=Window(...), windingRule=None)
47.3518 	EXP 	window1: mouseVisible = True
47.3548 	EXP 	Created feedback_post_section = TextStim(__class__=<class 'psychopy.visual.text.TextStim'>, alignHoriz=method-wrapper(...), alignText='center', alignVert=method-wrapper(...), anchorHoriz='center', anchorVert='center', antialias=True, autoDraw=False, autoLog=True, bold=False, color=array([1., 1., 1.]), colorSpace='rgb', contrast=1.0, depth=-1.0, draggable=False, flipHoriz=False, flipVert=False, font='DFKai-SB', fontFiles=[], height=2.0, italic=False, languageStyle='LTR', name='feedback_post_section', opacity=1.0, ori=0.0, pos=array([0., 0.]), rgb=UNKNOWN, text='', units='deg', win=Window(...), wrapWidth=15.0)
47.3551 	EXP 	window1: mouseVisible = True
47.5890 	EXP 	Created spaceship3 = ImageStim(__class__=<class 'psychopy.visual.image.ImageStim'>, anchor=('center', 'center'), autoLog=True, color=array([1., 1., 1.]), colorSpace='rgb', contrast=1.0, depth=0.0, draggable=False, flipHoriz=False, flipVert=False, image='images/spaceship.jpg', interpolate=True, mask=None, maskParams=None, name='spaceship3', opacity=0.3, ori=0.0, pos=array([0., 0.]), size=array([128.,  64.]), texRes=128.0, units='deg', win=Window(...))
47.5894 	EXP 	window1: mouseVisible = True
47.6283 	EXP 	Created motor_testing_instruction_text = TextStim(__class__=<class 'psychopy.visual.text.TextStim'>, alignHoriz=method-wrapper(...), alignText='center', alignVert=method-wrapper(...), anchorHoriz='center', anchorVert='center', antialias=True, autoDraw=False, autoLog=True, bold=False, color=array([-1.,  1.,  1.]), colorSpace='rgb', contrast=1.0, depth=-1.0, draggable=False, flipHoriz=False, flipVert=False, font='DFKai-SB', fontFiles=[], height=2.0, italic=False, languageStyle='LTR', name='motor_testing_instruction_text', opacity=1.0, ori=0.0, pos=array([0., 0.]), rgb=UNKNOWN, text=str(...), units='deg', win=Window(...), wrapWidth=30.0)
47.6286 	EXP 	window1: mouseVisible = True
47.6337 	EXP 	Created arrowhead = ShapeStim(__class__=<class 'psychopy.visual.shape.ShapeStim'>, anchor=('center', 'center'), autoDraw=False, autoLog=True, closeShape=True, color=method-wrapper(...), colorSpace='rgb', contrast=None, depth=0.0, draggable=False, fillColor=array([1, 1, 1]), fillColorSpace='rgb', fillRGB=array([1, 1, 1]), interpolate=True, lineColor=array([1., 1., 1.]), lineColorSpace='rgb', lineRGB=array([1, 1, 1]), lineWidth=1.0, name='arrowhead', opacity=1.0, ori=1.0, pos=array([0., 0.]), size=array([3., 3.]), units='deg', vertices=ndarray(...), win=Window(...), windingRule=None)
47.6340 	EXP 	window1: mouseVisible = True
47.6367 	EXP 	Created correct_key = TextStim(__class__=<class 'psychopy.visual.text.TextStim'>, alignHoriz=method-wrapper(...), alignText='center', alignVert=method-wrapper(...), anchorHoriz='center', anchorVert='center', antialias=True, autoDraw=False, autoLog=True, bold=False, color=array([1., 1., 1.]), colorSpace='rgb', contrast=1.0, depth=-3.0, draggable=False, flipHoriz=False, flipVert=False, font='Open Sans', fontFiles=[], height=2.0, italic=False, languageStyle='LTR', name='correct_key', opacity=1.0, ori=0.0, pos=array([ 0., -8.]), rgb=UNKNOWN, text='', units='deg', win=Window(...), wrapWidth=15.0)
47.6370 	EXP 	window1: mouseVisible = True
47.6419 	EXP 	Created cross_2 = ShapeStim(__class__=<class 'psychopy.visual.shape.ShapeStim'>, anchor=('center', 'center'), autoDraw=False, autoLog=True, closeShape=True, color=method-wrapper(...), colorSpace='rgb', contrast=None, depth=0.0, draggable=False, fillColor=array([-1, -1, -1]), fillColorSpace='rgb', fillRGB=array([-1, -1, -1]), interpolate=True, lineColor=array([-1., -1., -1.]), lineColorSpace='rgb', lineRGB=array([-1, -1, -1]), lineWidth=1.0, name='cross_2', opacity=1.0, ori=0.0, pos=array([0., 0.]), size=array([2., 2.]), units='deg', vertices=ndarray(...), win=Window(...), windingRule=None)
47.6424 	EXP 	window1: mouseVisible = True
47.6457 	EXP 	Created feedback_post_section = TextStim(__class__=<class 'psychopy.visual.text.TextStim'>, alignHoriz=method-wrapper(...), alignText='center', alignVert=method-wrapper(...), anchorHoriz='center', anchorVert='center', antialias=True, autoDraw=False, autoLog=True, bold=False, color=array([1., 1., 1.]), colorSpace='rgb', contrast=1.0, depth=-1.0, draggable=False, flipHoriz=False, flipVert=False, font='DFKai-SB', fontFiles=[], height=2.0, italic=False, languageStyle='LTR', name='feedback_post_section', opacity=1.0, ori=0.0, pos=array([0., 0.]), rgb=UNKNOWN, text='', units='deg', win=Window(...), wrapWidth=15.0)
47.6461 	EXP 	window1: mouseVisible = True
47.9580 	EXP 	Created spaceship4 = ImageStim(__class__=<class 'psychopy.visual.image.ImageStim'>, anchor=('center', 'center'), autoLog=True, color=array([1., 1., 1.]), colorSpace='rgb', contrast=1.0, depth=0.0, draggable=False, flipHoriz=False, flipVert=False, image='images/spaceship.jpg', interpolate=True, mask=None, maskParams=None, name='spaceship4', opacity=0.3, ori=0.0, pos=array([0., 0.]), size=array([128.,  64.]), texRes=128.0, units='deg', win=Window(...))
47.9585 	EXP 	window1: mouseVisible = True
47.9729 	EXP 	Created percept_testing_instruction_text = TextStim(__class__=<class 'psychopy.visual.text.TextStim'>, alignHoriz=method-wrapper(...), alignText='center', alignVert=method-wrapper(...), anchorHoriz='center', anchorVert='center', antialias=True, autoDraw=False, autoLog=True, bold=False, color=array([-1.,  1.,  1.]), colorSpace='rgb', contrast=1.0, depth=-2.0, draggable=False, flipHoriz=False, flipVert=False, font='DFKai-SB', fontFiles=[], height=2.0, italic=False, languageStyle='LTR', name='percept_testing_instruction_text', opacity=1.0, ori=0.0, pos=array([0., 0.]), rgb=UNKNOWN, text='請您繼續依箭頭所指方向按下反應鍵。\n準備好請按任意鍵繼續…', units='deg', win=Window(...), wrapWidth=30.0)
47.9732 	EXP 	window1: mouseVisible = True
47.9787 	EXP 	Created arrowhead = ShapeStim(__class__=<class 'psychopy.visual.shape.ShapeStim'>, anchor=('center', 'center'), autoDraw=False, autoLog=True, closeShape=True, color=method-wrapper(...), colorSpace='rgb', contrast=None, depth=0.0, draggable=False, fillColor=array([1, 1, 1]), fillColorSpace='rgb', fillRGB=array([1, 1, 1]), interpolate=True, lineColor=array([1., 1., 1.]), lineColorSpace='rgb', lineRGB=array([1, 1, 1]), lineWidth=1.0, name='arrowhead', opacity=1.0, ori=1.0, pos=array([0., 0.]), size=array([3., 3.]), units='deg', vertices=ndarray(...), win=Window(...), windingRule=None)
47.9789 	EXP 	window1: mouseVisible = True
47.9828 	EXP 	Created correct_key = TextStim(__class__=<class 'psychopy.visual.text.TextStim'>, alignHoriz=method-wrapper(...), alignText='center', alignVert=method-wrapper(...), anchorHoriz='center', anchorVert='center', antialias=True, autoDraw=False, autoLog=True, bold=False, color=array([1., 1., 1.]), colorSpace='rgb', contrast=1.0, depth=-3.0, draggable=False, flipHoriz=False, flipVert=False, font='Open Sans', fontFiles=[], height=2.0, italic=False, languageStyle='LTR', name='correct_key', opacity=1.0, ori=0.0, pos=array([ 0., -8.]), rgb=UNKNOWN, text='', units='deg', win=Window(...), wrapWidth=15.0)
47.9831 	EXP 	window1: mouseVisible = True
47.9903 	EXP 	Created cross_2 = ShapeStim(__class__=<class 'psychopy.visual.shape.ShapeStim'>, anchor=('center', 'center'), autoDraw=False, autoLog=True, closeShape=True, color=method-wrapper(...), colorSpace='rgb', contrast=None, depth=0.0, draggable=False, fillColor=array([-1, -1, -1]), fillColorSpace='rgb', fillRGB=array([-1, -1, -1]), interpolate=True, lineColor=array([-1., -1., -1.]), lineColorSpace='rgb', lineRGB=array([-1, -1, -1]), lineWidth=1.0, name='cross_2', opacity=1.0, ori=0.0, pos=array([0., 0.]), size=array([2., 2.]), units='deg', vertices=ndarray(...), win=Window(...), windingRule=None)
47.9907 	EXP 	window1: mouseVisible = True
47.9935 	EXP 	Created feedback_post_section = TextStim(__class__=<class 'psychopy.visual.text.TextStim'>, alignHoriz=method-wrapper(...), alignText='center', alignVert=method-wrapper(...), anchorHoriz='center', anchorVert='center', antialias=True, autoDraw=False, autoLog=True, bold=False, color=array([1., 1., 1.]), colorSpace='rgb', contrast=1.0, depth=-1.0, draggable=False, flipHoriz=False, flipVert=False, font='DFKai-SB', fontFiles=[], height=2.0, italic=False, languageStyle='LTR', name='feedback_post_section', opacity=1.0, ori=0.0, pos=array([0., 0.]), rgb=UNKNOWN, text='', units='deg', win=Window(...), wrapWidth=15.0)
47.9938 	EXP 	window1: mouseVisible = True
48.0390 	EXP 	Created text = TextStim(__class__=<class 'psychopy.visual.text.TextStim'>, alignHoriz=method-wrapper(...), alignText='center', alignVert=method-wrapper(...), anchorHoriz='center', anchorVert='center', antialias=True, autoDraw=False, autoLog=True, bold=False, color=array([-1.,  1.,  1.]), colorSpace='rgb', contrast=1.0, depth=0.0, draggable=False, flipHoriz=False, flipVert=False, font='DFKai-SB', fontFiles=[], height=3.0, italic=False, languageStyle='LTR', name='text', opacity=1.0, ori=0.0, pos=array([0., 0.]), rgb=UNKNOWN, text='實驗已完成，謝謝您的參與！\n請等待實驗者的進一步導引。', units='deg', win=Window(...), wrapWidth=30.0)
0.5230 	EXP 	spaceship: autoDraw = True
0.5230 	EXP 	welcometext: autoDraw = True
15.0769 	EXP 	ASRT_motor: status = STOPPED
15.0843 	EXP 	spaceship: autoDraw = False
15.0843 	EXP 	welcometext: autoDraw = False
15.0844 	EXP 	ASRT_motor: status = STOPPED
15.1371 	EXP 	window1: mouseVisible = True
