56.0027 	WARNING 	User requested fullscreen with size [1280  800], but screen is actually [2560, 1440]. Using actual size
57.5766 	EXP 	Created window1 = Window(allowGUI=True, allowStencil=False, autoLog=True, backendConf=UNKNOWN, backgroundFit=<method-wrapper '__getattribute__' of attributeSetter object at 0x0000022279B5FCD0>, backgroundImage=<method-wrapper '__getattribute__' of attributeSetter object at 0x0000022279B5FC70>, bitsMode=UNKNOWN, blendMode='avg', bpc=(8, 8, 8), color=array([0, 0, 0]), colorSpace='rgb', depthBits=8, fullscr=<method-wrapper '__getattribute__' of attributeSetter object at 0x0000022279B5FAF0>, gamma=None, gammaErrorPolicy='raise', lms=UNKNOWN, monitor=<psychopy.monitors.calibTools.Monitor object at 0x0000022279FDB910>, multiSample=False, name='window1', numSamples=2, pos=(0, 0), screen=0, size=array([2560, 1440]), stencilBits=0, stereo=False, title='PsychoPy', units='deg', useFBO=True, useRetina=False, viewOri=0.0, viewPos=None, viewScale=None, waitBlanking=True, winType='pyglet')
57.5767 	EXP 	window1: mouseVisible = True
57.5767 	EXP 	window1: backgroundImage = ''
57.5767 	EXP 	window1: backgroundFit = 'none'
57.5801 	EXP 	window1: Attempting to measure frame rate of screen (0) ...
57.5801 	EXP 	window1: recordFrameIntervals = False
57.6756 	EXP 	window1: recordFrameIntervals = True
57.7859 	EXP 	Screen (0) actual frame rate measured at 100.08Hz
57.7859 	EXP 	window1: recordFrameIntervals = False
57.7860 	EXP 	window1: mouseVisible = False
59.3689 	EXP 	ASRT_motor: status = STARTED
59.3692 	EXP 	window1: mouseVisible = True
59.5057 	EXP 	Created spaceship = ImageStim(__class__=<class 'psychopy.visual.image.ImageStim'>, anchor=('center', 'center'), autoLog=True, color=array([1., 1., 1.]), colorSpace='rgb', contrast=1.0, depth=0.0, draggable=False, flipHoriz=False, flipVert=False, image='images/spaceship.jpg', interpolate=True, mask=None, maskParams=None, name='spaceship', opacity=0.3, ori=0.0, pos=array([0., 0.]), size=array([128.,  64.]), texRes=128.0, units='deg', win=Window(...))
59.5059 	EXP 	window1: mouseVisible = True
59.5878 	EXP 	Created welcometext = TextStim(__class__=<class 'psychopy.visual.text.TextStim'>, alignHoriz=method-wrapper(...), alignText='center', alignVert=method-wrapper(...), anchorHoriz='center', anchorVert='center', antialias=True, autoDraw=False, autoLog=True, bold=False, color=array([-1.,  1.,  1.]), colorSpace='rgb', contrast=1.0, depth=-1.0, draggable=False, flipHoriz=False, flipVert=False, font='DFKai-SB', fontFiles=[], height=2.0, italic=False, languageStyle='LTR', name='welcometext', opacity=1.0, ori=0.0, pos=array([0., 0.]), rgb=UNKNOWN, text=str(...), units='deg', win=Window(...), wrapWidth=30.0)
59.7429 	EXP 	window1: mouseVisible = True
59.7470 	EXP 	Created arrowhead = ShapeStim(__class__=<class 'psychopy.visual.shape.ShapeStim'>, anchor=('center', 'center'), autoDraw=False, autoLog=True, closeShape=True, color=method-wrapper(...), colorSpace='rgb', contrast=None, depth=0.0, draggable=False, fillColor=array([1, 1, 1]), fillColorSpace='rgb', fillRGB=array([1, 1, 1]), interpolate=True, lineColor=array([1., 1., 1.]), lineColorSpace='rgb', lineRGB=array([1, 1, 1]), lineWidth=1.0, name='arrowhead', opacity=1.0, ori=1.0, pos=array([0., 0.]), size=array([3., 3.]), units='deg', vertices=ndarray(...), win=Window(...), windingRule=None)
59.7471 	EXP 	window1: mouseVisible = True
59.7488 	EXP 	Created cross = ShapeStim(__class__=<class 'psychopy.visual.shape.ShapeStim'>, anchor=('center', 'center'), autoDraw=False, autoLog=True, closeShape=True, color=method-wrapper(...), colorSpace='rgb', contrast=None, depth=0.0, draggable=False, fillColor=array([-1, -1, -1]), fillColorSpace='rgb', fillRGB=array([-1, -1, -1]), interpolate=True, lineColor=array([-1., -1., -1.]), lineColorSpace='rgb', lineRGB=array([-1, -1, -1]), lineWidth=1.0, name='cross', opacity=1.0, ori=0.0, pos=array([0., 0.]), size=array([2., 2.]), units='deg', vertices=ndarray(...), win=Window(...), windingRule=None)
59.7489 	EXP 	window1: mouseVisible = True
59.7502 	EXP 	Created feedback_text = TextStim(__class__=<class 'psychopy.visual.text.TextStim'>, alignHoriz=method-wrapper(...), alignText='center', alignVert=method-wrapper(...), anchorHoriz='center', anchorVert='center', antialias=True, autoDraw=False, autoLog=True, bold=False, color=array([1., 1., 1.]), colorSpace='rgb', contrast=1.0, depth=-2.0, draggable=False, flipHoriz=False, flipVert=False, font='DFKai-SB', fontFiles=[], height=3.0, italic=False, languageStyle='LTR', name='feedback_text', opacity=1.0, ori=0.0, pos=array([ 0., -5.]), rgb=UNKNOWN, text='', units='deg', win=Window(...), wrapWidth=15.0)
59.7503 	EXP 	window1: mouseVisible = True
59.7512 	EXP 	Created feedback_post_section = TextStim(__class__=<class 'psychopy.visual.text.TextStim'>, alignHoriz=method-wrapper(...), alignText='center', alignVert=method-wrapper(...), anchorHoriz='center', anchorVert='center', antialias=True, autoDraw=False, autoLog=True, bold=False, color=array([1., 1., 1.]), colorSpace='rgb', contrast=1.0, depth=-1.0, draggable=False, flipHoriz=False, flipVert=False, font='DFKai-SB', fontFiles=[], height=2.0, italic=False, languageStyle='LTR', name='feedback_post_section', opacity=1.0, ori=0.0, pos=array([0., 0.]), rgb=UNKNOWN, text='', units='deg', win=Window(...), wrapWidth=15.0)
59.7513 	EXP 	window1: mouseVisible = True
59.8608 	EXP 	Created spaceship_rotated = ImageStim(__class__=<class 'psychopy.visual.image.ImageStim'>, anchor=('center', 'center'), autoLog=True, color=array([1., 1., 1.]), colorSpace='rgb', contrast=1.0, depth=0.0, draggable=False, flipHoriz=False, flipVert=True, image='images/spaceship.jpg', interpolate=True, mask=None, maskParams=None, name='spaceship_rotated', opacity=0.3, ori=-45.0, pos=array([0., 0.]), size=array([128.,  64.]), texRes=128.0, units='deg', win=Window(...))
59.8610 	EXP 	window1: mouseVisible = True
59.8960 	EXP 	Created rotation_instruction = TextStim(__class__=<class 'psychopy.visual.text.TextStim'>, alignHoriz=method-wrapper(...), alignText='center', alignVert=method-wrapper(...), anchorHoriz='center', anchorVert='center', antialias=True, autoDraw=False, autoLog=True, bold=False, color=array([-1.,  1.,  1.]), colorSpace='rgb', contrast=1.0, depth=-1.0, draggable=False, flipHoriz=False, flipVert=False, font='DFKai-SB', fontFiles=[], height=2.0, italic=False, languageStyle='LTR', name='rotation_instruction', opacity=1.0, ori=0.0, pos=array([0., 0.]), rgb=UNKNOWN, text=str(...), units='deg', win=Window(...), wrapWidth=30.0)
59.8961 	EXP 	window1: mouseVisible = True
59.8975 	EXP 	Created arrowhead = ShapeStim(__class__=<class 'psychopy.visual.shape.ShapeStim'>, anchor=('center', 'center'), autoDraw=False, autoLog=True, closeShape=True, color=method-wrapper(...), colorSpace='rgb', contrast=None, depth=0.0, draggable=False, fillColor=array([1, 1, 1]), fillColorSpace='rgb', fillRGB=array([1, 1, 1]), interpolate=True, lineColor=array([1., 1., 1.]), lineColorSpace='rgb', lineRGB=array([1, 1, 1]), lineWidth=1.0, name='arrowhead', opacity=1.0, ori=1.0, pos=array([0., 0.]), size=array([3., 3.]), units='deg', vertices=ndarray(...), win=Window(...), windingRule=None)
59.8976 	EXP 	window1: mouseVisible = True
59.8999 	EXP 	Created cross = ShapeStim(__class__=<class 'psychopy.visual.shape.ShapeStim'>, anchor=('center', 'center'), autoDraw=False, autoLog=True, closeShape=True, color=method-wrapper(...), colorSpace='rgb', contrast=None, depth=0.0, draggable=False, fillColor=array([-1, -1, -1]), fillColorSpace='rgb', fillRGB=array([-1, -1, -1]), interpolate=True, lineColor=array([-1., -1., -1.]), lineColorSpace='rgb', lineRGB=array([-1, -1, -1]), lineWidth=1.0, name='cross', opacity=1.0, ori=0.0, pos=array([0., 0.]), size=array([2., 2.]), units='deg', vertices=ndarray(...), win=Window(...), windingRule=None)
59.9000 	EXP 	window1: mouseVisible = True
59.9013 	EXP 	Created feedback_text = TextStim(__class__=<class 'psychopy.visual.text.TextStim'>, alignHoriz=method-wrapper(...), alignText='center', alignVert=method-wrapper(...), anchorHoriz='center', anchorVert='center', antialias=True, autoDraw=False, autoLog=True, bold=False, color=array([1., 1., 1.]), colorSpace='rgb', contrast=1.0, depth=-2.0, draggable=False, flipHoriz=False, flipVert=False, font='DFKai-SB', fontFiles=[], height=3.0, italic=False, languageStyle='LTR', name='feedback_text', opacity=1.0, ori=0.0, pos=array([ 0., -5.]), rgb=UNKNOWN, text='', units='deg', win=Window(...), wrapWidth=15.0)
59.9014 	EXP 	window1: mouseVisible = True
59.9027 	EXP 	Created feedback_post_section = TextStim(__class__=<class 'psychopy.visual.text.TextStim'>, alignHoriz=method-wrapper(...), alignText='center', alignVert=method-wrapper(...), anchorHoriz='center', anchorVert='center', antialias=True, autoDraw=False, autoLog=True, bold=False, color=array([1., 1., 1.]), colorSpace='rgb', contrast=1.0, depth=-1.0, draggable=False, flipHoriz=False, flipVert=False, font='DFKai-SB', fontFiles=[], height=2.0, italic=False, languageStyle='LTR', name='feedback_post_section', opacity=1.0, ori=0.0, pos=array([0., 0.]), rgb=UNKNOWN, text='', units='deg', win=Window(...), wrapWidth=15.0)
59.9028 	EXP 	window1: mouseVisible = True
59.9055 	EXP 	Created arrowhead = ShapeStim(__class__=<class 'psychopy.visual.shape.ShapeStim'>, anchor=('center', 'center'), autoDraw=False, autoLog=True, closeShape=True, color=method-wrapper(...), colorSpace='rgb', contrast=None, depth=0.0, draggable=False, fillColor=array([1, 1, 1]), fillColorSpace='rgb', fillRGB=array([1, 1, 1]), interpolate=True, lineColor=array([1., 1., 1.]), lineColorSpace='rgb', lineRGB=array([1, 1, 1]), lineWidth=1.0, name='arrowhead', opacity=1.0, ori=1.0, pos=array([0., 0.]), size=array([3., 3.]), units='deg', vertices=ndarray(...), win=Window(...), windingRule=None)
59.9057 	EXP 	window1: mouseVisible = True
59.9082 	EXP 	Created cross_2 = ShapeStim(__class__=<class 'psychopy.visual.shape.ShapeStim'>, anchor=('center', 'center'), autoDraw=False, autoLog=True, closeShape=True, color=method-wrapper(...), colorSpace='rgb', contrast=None, depth=0.0, draggable=False, fillColor=array([-1, -1, -1]), fillColorSpace='rgb', fillRGB=array([-1, -1, -1]), interpolate=True, lineColor=array([-1., -1., -1.]), lineColorSpace='rgb', lineRGB=array([-1, -1, -1]), lineWidth=1.0, name='cross_2', opacity=1.0, ori=0.0, pos=array([0., 0.]), size=array([2., 2.]), units='deg', vertices=ndarray(...), win=Window(...), windingRule=None)
59.9083 	EXP 	window1: mouseVisible = True
59.9098 	EXP 	Created feedback_post_section = TextStim(__class__=<class 'psychopy.visual.text.TextStim'>, alignHoriz=method-wrapper(...), alignText='center', alignVert=method-wrapper(...), anchorHoriz='center', anchorVert='center', antialias=True, autoDraw=False, autoLog=True, bold=False, color=array([1., 1., 1.]), colorSpace='rgb', contrast=1.0, depth=-1.0, draggable=False, flipHoriz=False, flipVert=False, font='DFKai-SB', fontFiles=[], height=2.0, italic=False, languageStyle='LTR', name='feedback_post_section', opacity=1.0, ori=0.0, pos=array([0., 0.]), rgb=UNKNOWN, text='', units='deg', win=Window(...), wrapWidth=15.0)
59.9099 	EXP 	window1: mouseVisible = True
60.0211 	EXP 	Created spaceship3 = ImageStim(__class__=<class 'psychopy.visual.image.ImageStim'>, anchor=('center', 'center'), autoLog=True, color=array([1., 1., 1.]), colorSpace='rgb', contrast=1.0, depth=0.0, draggable=False, flipHoriz=False, flipVert=False, image='images/spaceship.jpg', interpolate=True, mask=None, maskParams=None, name='spaceship3', opacity=0.3, ori=0.0, pos=array([0., 0.]), size=array([128.,  64.]), texRes=128.0, units='deg', win=Window(...))
60.0212 	EXP 	window1: mouseVisible = True
60.0373 	EXP 	Created motor_testing_instruction_text = TextStim(__class__=<class 'psychopy.visual.text.TextStim'>, alignHoriz=method-wrapper(...), alignText='center', alignVert=method-wrapper(...), anchorHoriz='center', anchorVert='center', antialias=True, autoDraw=False, autoLog=True, bold=False, color=array([-1.,  1.,  1.]), colorSpace='rgb', contrast=1.0, depth=-1.0, draggable=False, flipHoriz=False, flipVert=False, font='DFKai-SB', fontFiles=[], height=2.0, italic=False, languageStyle='LTR', name='motor_testing_instruction_text', opacity=1.0, ori=0.0, pos=array([0., 0.]), rgb=UNKNOWN, text=str(...), units='deg', win=Window(...), wrapWidth=30.0)
60.0375 	EXP 	window1: mouseVisible = True
60.0400 	EXP 	Created arrowhead = ShapeStim(__class__=<class 'psychopy.visual.shape.ShapeStim'>, anchor=('center', 'center'), autoDraw=False, autoLog=True, closeShape=True, color=method-wrapper(...), colorSpace='rgb', contrast=None, depth=0.0, draggable=False, fillColor=array([1, 1, 1]), fillColorSpace='rgb', fillRGB=array([1, 1, 1]), interpolate=True, lineColor=array([1., 1., 1.]), lineColorSpace='rgb', lineRGB=array([1, 1, 1]), lineWidth=1.0, name='arrowhead', opacity=1.0, ori=1.0, pos=array([0., 0.]), size=array([3., 3.]), units='deg', vertices=ndarray(...), win=Window(...), windingRule=None)
60.0401 	EXP 	window1: mouseVisible = True
60.0425 	EXP 	Created cross_2 = ShapeStim(__class__=<class 'psychopy.visual.shape.ShapeStim'>, anchor=('center', 'center'), autoDraw=False, autoLog=True, closeShape=True, color=method-wrapper(...), colorSpace='rgb', contrast=None, depth=0.0, draggable=False, fillColor=array([-1, -1, -1]), fillColorSpace='rgb', fillRGB=array([-1, -1, -1]), interpolate=True, lineColor=array([-1., -1., -1.]), lineColorSpace='rgb', lineRGB=array([-1, -1, -1]), lineWidth=1.0, name='cross_2', opacity=1.0, ori=0.0, pos=array([0., 0.]), size=array([2., 2.]), units='deg', vertices=ndarray(...), win=Window(...), windingRule=None)
60.0426 	EXP 	window1: mouseVisible = True
60.0441 	EXP 	Created feedback_post_section = TextStim(__class__=<class 'psychopy.visual.text.TextStim'>, alignHoriz=method-wrapper(...), alignText='center', alignVert=method-wrapper(...), anchorHoriz='center', anchorVert='center', antialias=True, autoDraw=False, autoLog=True, bold=False, color=array([1., 1., 1.]), colorSpace='rgb', contrast=1.0, depth=-1.0, draggable=False, flipHoriz=False, flipVert=False, font='DFKai-SB', fontFiles=[], height=2.0, italic=False, languageStyle='LTR', name='feedback_post_section', opacity=1.0, ori=0.0, pos=array([0., 0.]), rgb=UNKNOWN, text='', units='deg', win=Window(...), wrapWidth=15.0)
60.0442 	EXP 	window1: mouseVisible = True
60.1467 	EXP 	Created spaceship4 = ImageStim(__class__=<class 'psychopy.visual.image.ImageStim'>, anchor=('center', 'center'), autoLog=True, color=array([1., 1., 1.]), colorSpace='rgb', contrast=1.0, depth=0.0, draggable=False, flipHoriz=False, flipVert=False, image='images/spaceship.jpg', interpolate=True, mask=None, maskParams=None, name='spaceship4', opacity=0.3, ori=0.0, pos=array([0., 0.]), size=array([128.,  64.]), texRes=128.0, units='deg', win=Window(...))
60.1469 	EXP 	window1: mouseVisible = True
60.1514 	EXP 	Created percept_testing_instruction_text = TextStim(__class__=<class 'psychopy.visual.text.TextStim'>, alignHoriz=method-wrapper(...), alignText='center', alignVert=method-wrapper(...), anchorHoriz='center', anchorVert='center', antialias=True, autoDraw=False, autoLog=True, bold=False, color=array([-1.,  1.,  1.]), colorSpace='rgb', contrast=1.0, depth=-2.0, draggable=False, flipHoriz=False, flipVert=False, font='DFKai-SB', fontFiles=[], height=2.0, italic=False, languageStyle='LTR', name='percept_testing_instruction_text', opacity=1.0, ori=0.0, pos=array([0., 0.]), rgb=UNKNOWN, text='請您繼續依箭頭所指方向按下反應鍵。\n準備好請按任意鍵繼續…', units='deg', win=Window(...), wrapWidth=30.0)
60.1516 	EXP 	window1: mouseVisible = True
60.1531 	EXP 	Created arrowhead = ShapeStim(__class__=<class 'psychopy.visual.shape.ShapeStim'>, anchor=('center', 'center'), autoDraw=False, autoLog=True, closeShape=True, color=method-wrapper(...), colorSpace='rgb', contrast=None, depth=0.0, draggable=False, fillColor=array([1, 1, 1]), fillColorSpace='rgb', fillRGB=array([1, 1, 1]), interpolate=True, lineColor=array([1., 1., 1.]), lineColorSpace='rgb', lineRGB=array([1, 1, 1]), lineWidth=1.0, name='arrowhead', opacity=1.0, ori=1.0, pos=array([0., 0.]), size=array([3., 3.]), units='deg', vertices=ndarray(...), win=Window(...), windingRule=None)
60.1531 	EXP 	window1: mouseVisible = True
60.1546 	EXP 	Created cross_2 = ShapeStim(__class__=<class 'psychopy.visual.shape.ShapeStim'>, anchor=('center', 'center'), autoDraw=False, autoLog=True, closeShape=True, color=method-wrapper(...), colorSpace='rgb', contrast=None, depth=0.0, draggable=False, fillColor=array([-1, -1, -1]), fillColorSpace='rgb', fillRGB=array([-1, -1, -1]), interpolate=True, lineColor=array([-1., -1., -1.]), lineColorSpace='rgb', lineRGB=array([-1, -1, -1]), lineWidth=1.0, name='cross_2', opacity=1.0, ori=0.0, pos=array([0., 0.]), size=array([2., 2.]), units='deg', vertices=ndarray(...), win=Window(...), windingRule=None)
60.1547 	EXP 	window1: mouseVisible = True
60.1554 	EXP 	Created feedback_post_section = TextStim(__class__=<class 'psychopy.visual.text.TextStim'>, alignHoriz=method-wrapper(...), alignText='center', alignVert=method-wrapper(...), anchorHoriz='center', anchorVert='center', antialias=True, autoDraw=False, autoLog=True, bold=False, color=array([1., 1., 1.]), colorSpace='rgb', contrast=1.0, depth=-1.0, draggable=False, flipHoriz=False, flipVert=False, font='DFKai-SB', fontFiles=[], height=2.0, italic=False, languageStyle='LTR', name='feedback_post_section', opacity=1.0, ori=0.0, pos=array([0., 0.]), rgb=UNKNOWN, text='', units='deg', win=Window(...), wrapWidth=15.0)
60.1556 	EXP 	window1: mouseVisible = True
60.1718 	EXP 	Created text = TextStim(__class__=<class 'psychopy.visual.text.TextStim'>, alignHoriz=method-wrapper(...), alignText='center', alignVert=method-wrapper(...), anchorHoriz='center', anchorVert='center', antialias=True, autoDraw=False, autoLog=True, bold=False, color=array([-1.,  1.,  1.]), colorSpace='rgb', contrast=1.0, depth=0.0, draggable=False, flipHoriz=False, flipVert=False, font='DFKai-SB', fontFiles=[], height=3.0, italic=False, languageStyle='LTR', name='text', opacity=1.0, ori=0.0, pos=array([0., 0.]), rgb=UNKNOWN, text='實驗已完成，謝謝您的參與！\n請等待實驗者的進一步導引。', units='deg', win=Window(...), wrapWidth=30.0)
0.2506 	EXP 	spaceship: autoDraw = True
0.2506 	EXP 	welcometext: autoDraw = True
3.6428 	EXP 	Imported sequences/init_random_sequence_file_list.xlsx as conditions, 1 conditions, 1 params
3.6436 	EXP 	Created sequence: sequential, trialTypes=1, nReps=1, seed=None
3.6438 	EXP 	New trial (rep=0, index=0): {'initial_random_seq_files': 'sequences/890434_initial_random.csv'}
3.6584 	EXP 	Imported sequences/890434_initial_random.csv as conditions, 10 conditions, 4 params
3.6587 	EXP 	Created sequence: sequential, trialTypes=10, nReps=1, seed=None
3.6589 	EXP 	New trial (rep=0, index=0): OrderedDict([('orientation_index', 3), ('orientation_degrees', 270), ('correct_answer_index', 3), ('correct_answer_direction', 'left')])
3.6649 	EXP 	spaceship: autoDraw = False
3.6649 	EXP 	welcometext: autoDraw = False
3.6649 	EXP 	arrowhead: ori = 270.0
3.6649 	EXP 	arrowhead: autoDraw = True
4.3807 	EXP 	arrowhead: autoDraw = False
4.3807 	EXP 	feedback_text: height = 3.0
4.3807 	EXP 	feedback_text: height = 3.0
4.3807 	EXP 	feedback_text: height = 3.0
4.3807 	EXP 	feedback_text: text = '正確'
4.3807 	EXP 	cross: autoDraw = True
4.3807 	EXP 	feedback_text: autoDraw = True
4.6807 	EXP 	cross: autoDraw = False
4.9716 	EXP 	New trial (rep=0, index=1): OrderedDict([('orientation_index', 3), ('orientation_degrees', 270), ('correct_answer_index', 3), ('correct_answer_direction', 'left')])
4.9808 	EXP 	feedback_text: autoDraw = False
4.9808 	EXP 	cross: autoDraw = False
4.9808 	EXP 	feedback_text: autoDraw = False
4.9808 	EXP 	arrowhead: ori = 270.0
4.9808 	EXP 	arrowhead: autoDraw = True
5.5411 	EXP 	arrowhead: autoDraw = False
5.5411 	EXP 	feedback_text: text = '正確'
5.5411 	EXP 	cross: autoDraw = True
5.5411 	EXP 	feedback_text: autoDraw = True
5.8414 	EXP 	cross: autoDraw = False
6.1324 	EXP 	New trial (rep=0, index=2): OrderedDict([('orientation_index', 0), ('orientation_degrees', 0), ('correct_answer_index', 0), ('correct_answer_direction', 'up')])
6.1414 	EXP 	feedback_text: autoDraw = False
6.1414 	EXP 	cross: autoDraw = False
6.1414 	EXP 	feedback_text: autoDraw = False
6.1414 	EXP 	arrowhead: ori = 0.0
6.1414 	EXP 	arrowhead: autoDraw = True
6.5717 	EXP 	arrowhead: autoDraw = False
6.5717 	EXP 	feedback_text: text = '正確'
6.5717 	EXP 	cross: autoDraw = True
6.5717 	EXP 	feedback_text: autoDraw = True
6.8718 	EXP 	cross: autoDraw = False
7.1627 	EXP 	New trial (rep=0, index=3): OrderedDict([('orientation_index', 1), ('orientation_degrees', 90), ('correct_answer_index', 1), ('correct_answer_direction', 'right')])
7.1726 	EXP 	feedback_text: autoDraw = False
7.1726 	EXP 	cross: autoDraw = False
7.1726 	EXP 	feedback_text: autoDraw = False
7.1726 	EXP 	arrowhead: ori = 90.0
7.1726 	EXP 	arrowhead: autoDraw = True
7.5722 	EXP 	arrowhead: autoDraw = False
7.5722 	EXP 	feedback_text: text = '正確'
7.5722 	EXP 	cross: autoDraw = True
7.5722 	EXP 	feedback_text: autoDraw = True
7.8724 	EXP 	cross: autoDraw = False
8.1636 	EXP 	New trial (rep=0, index=4): OrderedDict([('orientation_index', 2), ('orientation_degrees', 180), ('correct_answer_index', 2), ('correct_answer_direction', 'down')])
8.1726 	EXP 	feedback_text: autoDraw = False
8.1726 	EXP 	cross: autoDraw = False
8.1726 	EXP 	feedback_text: autoDraw = False
8.1726 	EXP 	arrowhead: ori = 180.0
8.1726 	EXP 	arrowhead: autoDraw = True
8.6128 	EXP 	arrowhead: autoDraw = False
8.6128 	EXP 	feedback_text: text = '正確'
8.6128 	EXP 	cross: autoDraw = True
8.6128 	EXP 	feedback_text: autoDraw = True
8.9135 	EXP 	cross: autoDraw = False
9.2048 	EXP 	New trial (rep=0, index=5): OrderedDict([('orientation_index', 1), ('orientation_degrees', 90), ('correct_answer_index', 1), ('correct_answer_direction', 'right')])
9.2130 	EXP 	feedback_text: autoDraw = False
9.2130 	EXP 	cross: autoDraw = False
9.2130 	EXP 	feedback_text: autoDraw = False
9.2130 	EXP 	arrowhead: ori = 90.0
9.2130 	EXP 	arrowhead: autoDraw = True
9.7735 	EXP 	arrowhead: autoDraw = False
9.7735 	EXP 	feedback_text: text = '正確'
9.7735 	EXP 	cross: autoDraw = True
9.7735 	EXP 	feedback_text: autoDraw = True
10.0736 	EXP 	cross: autoDraw = False
10.3645 	EXP 	New trial (rep=0, index=6): OrderedDict([('orientation_index', 0), ('orientation_degrees', 0), ('correct_answer_index', 0), ('correct_answer_direction', 'up')])
10.3738 	EXP 	feedback_text: autoDraw = False
10.3738 	EXP 	cross: autoDraw = False
10.3738 	EXP 	feedback_text: autoDraw = False
10.3738 	EXP 	arrowhead: ori = 0.0
10.3738 	EXP 	arrowhead: autoDraw = True
10.8943 	EXP 	arrowhead: autoDraw = False
10.8943 	EXP 	feedback_text: text = '正確'
10.8943 	EXP 	cross: autoDraw = True
10.8943 	EXP 	feedback_text: autoDraw = True
11.1941 	EXP 	cross: autoDraw = False
11.4847 	EXP 	New trial (rep=0, index=7): OrderedDict([('orientation_index', 3), ('orientation_degrees', 270), ('correct_answer_index', 3), ('correct_answer_direction', 'left')])
11.4943 	EXP 	feedback_text: autoDraw = False
11.4943 	EXP 	cross: autoDraw = False
11.4943 	EXP 	feedback_text: autoDraw = False
11.4943 	EXP 	arrowhead: ori = 270.0
11.4943 	EXP 	arrowhead: autoDraw = True
11.9547 	EXP 	arrowhead: autoDraw = False
11.9547 	EXP 	feedback_text: text = '正確'
11.9547 	EXP 	cross: autoDraw = True
11.9547 	EXP 	feedback_text: autoDraw = True
12.2546 	EXP 	cross: autoDraw = False
12.5457 	EXP 	New trial (rep=0, index=8): OrderedDict([('orientation_index', 2), ('orientation_degrees', 180), ('correct_answer_index', 2), ('correct_answer_direction', 'down')])
12.5552 	EXP 	feedback_text: autoDraw = False
12.5552 	EXP 	cross: autoDraw = False
12.5552 	EXP 	feedback_text: autoDraw = False
12.5552 	EXP 	arrowhead: ori = 180.0
12.5552 	EXP 	arrowhead: autoDraw = True
13.0661 	EXP 	arrowhead: autoDraw = False
13.0661 	EXP 	feedback_text: text = '正確'
13.0661 	EXP 	cross: autoDraw = True
13.0661 	EXP 	feedback_text: autoDraw = True
13.3655 	EXP 	cross: autoDraw = False
13.6561 	EXP 	New trial (rep=0, index=9): OrderedDict([('orientation_index', 1), ('orientation_degrees', 90), ('correct_answer_index', 1), ('correct_answer_direction', 'right')])
13.6656 	EXP 	feedback_text: autoDraw = False
13.6656 	EXP 	cross: autoDraw = False
13.6656 	EXP 	feedback_text: autoDraw = False
13.6656 	EXP 	arrowhead: ori = 90.0
13.6656 	EXP 	arrowhead: autoDraw = True
14.0656 	EXP 	arrowhead: autoDraw = False
14.0656 	EXP 	feedback_text: text = '正確'
14.0656 	EXP 	cross: autoDraw = True
14.0656 	EXP 	feedback_text: autoDraw = True
14.3659 	EXP 	cross: autoDraw = False
14.6867 	EXP 	feedback_text: autoDraw = False
14.6867 	EXP 	cross: autoDraw = False
14.6867 	EXP 	feedback_text: autoDraw = False
14.6867 	EXP 	feedback_post_section: height = 2.0
14.6867 	EXP 	feedback_post_section: height = 2.0
14.6867 	EXP 	feedback_post_section: height = 2.0
14.6867 	EXP 	feedback_post_section: text = '\n        您在這一個段落的表現：(10 trials, 1 blocks)\n        平均反應時間：484 ms\n        正確率：100.0%\n        請按任意鍵繼續…\n        '
14.6867 	EXP 	feedback_post_section: autoDraw = False
14.6867 	EXP 	spaceship_rotated: autoDraw = True
14.6867 	EXP 	rotation_instruction: autoDraw = True
17.7416 	EXP 	Imported sequences/practice_sequence_file_list.xlsx as conditions, 5 conditions, 1 params
17.7495 	EXP 	Created sequence: random, trialTypes=5, nReps=1, seed=None
17.7497 	EXP 	New trial (rep=0, index=0): {'practice_seq_files': 'sequences/890434_practice_sequence_01.csv'}
17.7533 	EXP 	Imported sequences/890434_practice_sequence_01.csv as conditions, 10 conditions, 4 params
17.7535 	EXP 	Created sequence: random, trialTypes=10, nReps=1, seed=None
17.7536 	EXP 	New trial (rep=0, index=0): OrderedDict([('orientation_degrees', 0), ('orientation_index', 0), ('correct_answer_index', 1), ('correct_answer_direction', 'right')])
17.7571 	EXP 	spaceship_rotated: autoDraw = False
17.7571 	EXP 	rotation_instruction: autoDraw = False
17.7571 	EXP 	arrowhead: ori = 0.0
17.7571 	EXP 	arrowhead: autoDraw = True
18.8686 	EXP 	arrowhead: autoDraw = False
18.8686 	EXP 	feedback_text: text = '正確'
18.8686 	EXP 	cross: autoDraw = True
18.8686 	EXP 	feedback_text: autoDraw = True
19.1687 	EXP 	cross: autoDraw = False
19.4593 	EXP 	New trial (rep=0, index=1): OrderedDict([('orientation_degrees', 270), ('orientation_index', 3), ('correct_answer_index', 0), ('correct_answer_direction', 'up')])
19.4687 	EXP 	feedback_text: autoDraw = False
19.4687 	EXP 	cross: autoDraw = False
19.4687 	EXP 	feedback_text: autoDraw = False
19.4687 	EXP 	arrowhead: ori = 270.0
19.4687 	EXP 	arrowhead: autoDraw = True
19.9492 	EXP 	arrowhead: autoDraw = False
19.9492 	EXP 	feedback_text: height = 3.0
19.9492 	EXP 	feedback_text: height = 3.0
19.9492 	EXP 	feedback_text: height = 3.0
19.9492 	EXP 	feedback_text: text = '錯誤'
19.9492 	EXP 	cross: autoDraw = True
19.9492 	EXP 	feedback_text: autoDraw = True
20.2489 	EXP 	cross: autoDraw = False
20.5398 	EXP 	New trial (rep=0, index=2): OrderedDict([('orientation_degrees', 0), ('orientation_index', 0), ('correct_answer_index', 1), ('correct_answer_direction', 'right')])
20.5491 	EXP 	feedback_text: autoDraw = False
20.5491 	EXP 	cross: autoDraw = False
20.5491 	EXP 	feedback_text: autoDraw = False
20.5491 	EXP 	arrowhead: ori = 0.0
20.5491 	EXP 	arrowhead: autoDraw = True
21.0394 	EXP 	arrowhead: autoDraw = False
21.0394 	EXP 	feedback_text: height = 3.0
21.0394 	EXP 	feedback_text: height = 3.0
21.0394 	EXP 	feedback_text: height = 3.0
21.0394 	EXP 	feedback_text: text = '正確'
21.0394 	EXP 	cross: autoDraw = True
21.0394 	EXP 	feedback_text: autoDraw = True
21.3398 	EXP 	cross: autoDraw = False
21.6306 	EXP 	New trial (rep=0, index=3): OrderedDict([('orientation_degrees', 90), ('orientation_index', 1), ('correct_answer_index', 2), ('correct_answer_direction', 'down')])
21.6400 	EXP 	feedback_text: autoDraw = False
21.6400 	EXP 	cross: autoDraw = False
21.6400 	EXP 	feedback_text: autoDraw = False
21.6400 	EXP 	arrowhead: ori = 90.0
21.6400 	EXP 	arrowhead: autoDraw = True
22.2202 	EXP 	arrowhead: autoDraw = False
22.2202 	EXP 	feedback_text: text = '正確'
22.2202 	EXP 	cross: autoDraw = True
22.2202 	EXP 	feedback_text: autoDraw = True
22.5202 	EXP 	cross: autoDraw = False
22.8113 	EXP 	New trial (rep=0, index=4): OrderedDict([('orientation_degrees', 270), ('orientation_index', 3), ('correct_answer_index', 0), ('correct_answer_direction', 'up')])
22.8204 	EXP 	feedback_text: autoDraw = False
22.8204 	EXP 	cross: autoDraw = False
22.8204 	EXP 	feedback_text: autoDraw = False
22.8204 	EXP 	arrowhead: ori = 270.0
22.8204 	EXP 	arrowhead: autoDraw = True
23.4409 	EXP 	arrowhead: autoDraw = False
23.4409 	EXP 	feedback_text: text = '正確'
23.4409 	EXP 	cross: autoDraw = True
23.4409 	EXP 	feedback_text: autoDraw = True
23.7411 	EXP 	cross: autoDraw = False
24.0317 	EXP 	New trial (rep=0, index=5): OrderedDict([('orientation_degrees', 180), ('orientation_index', 2), ('correct_answer_index', 3), ('correct_answer_direction', 'left')])
24.0411 	EXP 	feedback_text: autoDraw = False
24.0411 	EXP 	cross: autoDraw = False
24.0411 	EXP 	feedback_text: autoDraw = False
24.0411 	EXP 	arrowhead: ori = 180.0
24.0411 	EXP 	arrowhead: autoDraw = True
24.9514 	EXP 	arrowhead: autoDraw = False
24.9514 	EXP 	feedback_text: text = '正確'
24.9514 	EXP 	cross: autoDraw = True
24.9514 	EXP 	feedback_text: autoDraw = True
25.2518 	EXP 	cross: autoDraw = False
25.5427 	EXP 	New trial (rep=0, index=6): OrderedDict([('orientation_degrees', 0), ('orientation_index', 0), ('correct_answer_index', 1), ('correct_answer_direction', 'right')])
25.5519 	EXP 	feedback_text: autoDraw = False
25.5519 	EXP 	cross: autoDraw = False
25.5519 	EXP 	feedback_text: autoDraw = False
25.5519 	EXP 	arrowhead: ori = 0.0
25.5519 	EXP 	arrowhead: autoDraw = True
26.1020 	EXP 	arrowhead: autoDraw = False
26.1020 	EXP 	feedback_text: text = '正確'
26.1020 	EXP 	cross: autoDraw = True
26.1020 	EXP 	feedback_text: autoDraw = True
26.4025 	EXP 	cross: autoDraw = False
26.6933 	EXP 	New trial (rep=0, index=7): OrderedDict([('orientation_degrees', 0), ('orientation_index', 0), ('correct_answer_index', 1), ('correct_answer_direction', 'right')])
26.7027 	EXP 	feedback_text: autoDraw = False
26.7027 	EXP 	cross: autoDraw = False
26.7027 	EXP 	feedback_text: autoDraw = False
26.7027 	EXP 	arrowhead: ori = 0.0
26.7027 	EXP 	arrowhead: autoDraw = True
27.2725 	EXP 	arrowhead: autoDraw = False
27.2725 	EXP 	feedback_text: height = 3.0
27.2725 	EXP 	feedback_text: height = 3.0
27.2725 	EXP 	feedback_text: height = 3.0
27.2725 	EXP 	feedback_text: text = '錯誤'
27.2725 	EXP 	cross: autoDraw = True
27.2725 	EXP 	feedback_text: autoDraw = True
27.5731 	EXP 	cross: autoDraw = False
27.8639 	EXP 	New trial (rep=0, index=8): OrderedDict([('orientation_degrees', 90), ('orientation_index', 1), ('correct_answer_index', 2), ('correct_answer_direction', 'down')])
27.8731 	EXP 	feedback_text: autoDraw = False
27.8731 	EXP 	cross: autoDraw = False
27.8731 	EXP 	feedback_text: autoDraw = False
27.8731 	EXP 	arrowhead: ori = 90.0
27.8731 	EXP 	arrowhead: autoDraw = True
28.5335 	EXP 	arrowhead: autoDraw = False
28.5335 	EXP 	feedback_text: height = 3.0
28.5335 	EXP 	feedback_text: height = 3.0
28.5335 	EXP 	feedback_text: height = 3.0
28.5335 	EXP 	feedback_text: text = '正確'
28.5335 	EXP 	cross: autoDraw = True
28.5335 	EXP 	feedback_text: autoDraw = True
28.8336 	EXP 	cross: autoDraw = False
29.1244 	EXP 	New trial (rep=0, index=9): OrderedDict([('orientation_degrees', 270), ('orientation_index', 3), ('correct_answer_index', 0), ('correct_answer_direction', 'up')])
29.1339 	EXP 	feedback_text: autoDraw = False
29.1339 	EXP 	cross: autoDraw = False
29.1339 	EXP 	feedback_text: autoDraw = False
29.1339 	EXP 	arrowhead: ori = 270.0
29.1339 	EXP 	arrowhead: autoDraw = True
29.6552 	EXP 	arrowhead: autoDraw = False
29.6552 	EXP 	feedback_text: text = '正確'
29.6552 	EXP 	cross: autoDraw = True
29.6552 	EXP 	feedback_text: autoDraw = True
29.9543 	EXP 	cross: autoDraw = False
30.2528 	EXP 	New trial (rep=0, index=1): {'practice_seq_files': 'sequences/890434_practice_sequence_04.csv'}
30.2570 	EXP 	Imported sequences/890434_practice_sequence_04.csv as conditions, 10 conditions, 4 params
30.2573 	EXP 	Created sequence: random, trialTypes=10, nReps=1, seed=None
30.2574 	EXP 	New trial (rep=0, index=0): OrderedDict([('orientation_degrees', 90), ('orientation_index', 1), ('correct_answer_index', 2), ('correct_answer_direction', 'down')])
30.2609 	EXP 	feedback_text: autoDraw = False
30.2609 	EXP 	cross: autoDraw = False
30.2609 	EXP 	feedback_text: autoDraw = False
30.2609 	EXP 	feedback_post_section: height = 2.0
30.2609 	EXP 	feedback_post_section: height = 2.0
30.2609 	EXP 	feedback_post_section: height = 2.0
30.2609 	EXP 	feedback_post_section: text = '\n        您在這一個段落的表現：(10 trials, 1 blocks)\n        平均反應時間：636 ms\n        正確率：80.0%\n        請按任意鍵繼續…\n        '
30.2609 	EXP 	feedback_post_section: autoDraw = False
30.2609 	EXP 	arrowhead: ori = 90.0
30.2609 	EXP 	arrowhead: autoDraw = True
31.0950 	EXP 	arrowhead: autoDraw = False
31.0950 	EXP 	feedback_text: height = 3.0
31.0950 	EXP 	feedback_text: height = 3.0
31.0950 	EXP 	feedback_text: height = 3.0
31.0950 	EXP 	feedback_text: text = '錯誤'
31.0950 	EXP 	cross: autoDraw = True
31.0950 	EXP 	feedback_text: autoDraw = True
31.3949 	EXP 	cross: autoDraw = False
31.6858 	EXP 	New trial (rep=0, index=1): OrderedDict([('orientation_degrees', 90), ('orientation_index', 1), ('correct_answer_index', 2), ('correct_answer_direction', 'down')])
31.6952 	EXP 	feedback_text: autoDraw = False
31.6952 	EXP 	cross: autoDraw = False
31.6952 	EXP 	feedback_text: autoDraw = False
31.6952 	EXP 	arrowhead: ori = 90.0
31.6952 	EXP 	arrowhead: autoDraw = True
32.2656 	EXP 	arrowhead: autoDraw = False
32.2656 	EXP 	feedback_text: height = 3.0
32.2656 	EXP 	feedback_text: height = 3.0
32.2656 	EXP 	feedback_text: height = 3.0
32.2656 	EXP 	feedback_text: text = '正確'
32.2656 	EXP 	cross: autoDraw = True
32.2656 	EXP 	feedback_text: autoDraw = True
32.5657 	EXP 	cross: autoDraw = False
32.8566 	EXP 	New trial (rep=0, index=2): OrderedDict([('orientation_degrees', 0), ('orientation_index', 0), ('correct_answer_index', 1), ('correct_answer_direction', 'right')])
32.8658 	EXP 	feedback_text: autoDraw = False
32.8658 	EXP 	cross: autoDraw = False
32.8658 	EXP 	feedback_text: autoDraw = False
32.8658 	EXP 	arrowhead: ori = 0.0
32.8658 	EXP 	arrowhead: autoDraw = True
33.7164 	EXP 	arrowhead: autoDraw = False
33.7164 	EXP 	feedback_text: text = '正確'
33.7164 	EXP 	cross: autoDraw = True
33.7164 	EXP 	feedback_text: autoDraw = True
34.0163 	EXP 	cross: autoDraw = False
34.3072 	EXP 	New trial (rep=0, index=3): OrderedDict([('orientation_degrees', 90), ('orientation_index', 1), ('correct_answer_index', 2), ('correct_answer_direction', 'down')])
34.3174 	EXP 	feedback_text: autoDraw = False
34.3174 	EXP 	cross: autoDraw = False
34.3174 	EXP 	feedback_text: autoDraw = False
34.3174 	EXP 	arrowhead: ori = 90.0
34.3174 	EXP 	arrowhead: autoDraw = True
34.8869 	EXP 	arrowhead: autoDraw = False
34.8869 	EXP 	feedback_text: text = '正確'
34.8869 	EXP 	cross: autoDraw = True
34.8869 	EXP 	feedback_text: autoDraw = True
35.1869 	EXP 	cross: autoDraw = False
35.4777 	EXP 	New trial (rep=0, index=4): OrderedDict([('orientation_degrees', 180), ('orientation_index', 2), ('correct_answer_index', 3), ('correct_answer_direction', 'left')])
35.4872 	EXP 	feedback_text: autoDraw = False
35.4872 	EXP 	cross: autoDraw = False
35.4872 	EXP 	feedback_text: autoDraw = False
35.4872 	EXP 	arrowhead: ori = 180.0
35.4872 	EXP 	arrowhead: autoDraw = True
36.0674 	EXP 	arrowhead: autoDraw = False
36.0674 	EXP 	feedback_text: text = '正確'
36.0674 	EXP 	cross: autoDraw = True
36.0674 	EXP 	feedback_text: autoDraw = True
36.3685 	EXP 	cross: autoDraw = False
36.6585 	EXP 	New trial (rep=0, index=5): OrderedDict([('orientation_degrees', 0), ('orientation_index', 0), ('correct_answer_index', 1), ('correct_answer_direction', 'right')])
36.6678 	EXP 	feedback_text: autoDraw = False
36.6678 	EXP 	cross: autoDraw = False
36.6678 	EXP 	feedback_text: autoDraw = False
36.6678 	EXP 	arrowhead: ori = 0.0
36.6678 	EXP 	arrowhead: autoDraw = True
37.3383 	EXP 	arrowhead: autoDraw = False
37.3383 	EXP 	feedback_text: text = '正確'
37.3383 	EXP 	cross: autoDraw = True
37.3383 	EXP 	feedback_text: autoDraw = True
37.6382 	EXP 	cross: autoDraw = False
37.9290 	EXP 	New trial (rep=0, index=6): OrderedDict([('orientation_degrees', 90), ('orientation_index', 1), ('correct_answer_index', 2), ('correct_answer_direction', 'down')])
37.9389 	EXP 	feedback_text: autoDraw = False
37.9389 	EXP 	cross: autoDraw = False
37.9389 	EXP 	feedback_text: autoDraw = False
37.9389 	EXP 	arrowhead: ori = 90.0
37.9389 	EXP 	arrowhead: autoDraw = True
38.9390 	EXP 	arrowhead: autoDraw = False
38.9390 	EXP 	feedback_text: text = '正確'
38.9390 	EXP 	cross: autoDraw = True
38.9390 	EXP 	feedback_text: autoDraw = True
39.2392 	EXP 	cross: autoDraw = False
39.5299 	EXP 	New trial (rep=0, index=7): OrderedDict([('orientation_degrees', 0), ('orientation_index', 0), ('correct_answer_index', 1), ('correct_answer_direction', 'right')])
39.5394 	EXP 	feedback_text: autoDraw = False
39.5394 	EXP 	cross: autoDraw = False
39.5394 	EXP 	feedback_text: autoDraw = False
39.5394 	EXP 	arrowhead: ori = 0.0
39.5394 	EXP 	arrowhead: autoDraw = True
40.1496 	EXP 	arrowhead: autoDraw = False
40.1496 	EXP 	feedback_text: height = 3.0
40.1496 	EXP 	feedback_text: height = 3.0
40.1496 	EXP 	feedback_text: height = 3.0
40.1496 	EXP 	feedback_text: text = '錯誤'
40.1496 	EXP 	cross: autoDraw = True
40.1496 	EXP 	feedback_text: autoDraw = True
40.4500 	EXP 	cross: autoDraw = False
40.7407 	EXP 	New trial (rep=0, index=8): OrderedDict([('orientation_degrees', 90), ('orientation_index', 1), ('correct_answer_index', 2), ('correct_answer_direction', 'down')])
40.7500 	EXP 	feedback_text: autoDraw = False
40.7500 	EXP 	cross: autoDraw = False
40.7500 	EXP 	feedback_text: autoDraw = False
40.7500 	EXP 	arrowhead: ori = 90.0
40.7500 	EXP 	arrowhead: autoDraw = True
41.5905 	EXP 	arrowhead: autoDraw = False
41.5905 	EXP 	feedback_text: height = 3.0
41.5905 	EXP 	feedback_text: height = 3.0
41.5905 	EXP 	feedback_text: height = 3.0
41.5905 	EXP 	feedback_text: text = '正確'
41.5905 	EXP 	cross: autoDraw = True
41.5905 	EXP 	feedback_text: autoDraw = True
41.8907 	EXP 	cross: autoDraw = False
42.1812 	EXP 	New trial (rep=0, index=9): OrderedDict([('orientation_degrees', 0), ('orientation_index', 0), ('correct_answer_index', 1), ('correct_answer_direction', 'right')])
42.1913 	EXP 	feedback_text: autoDraw = False
42.1913 	EXP 	cross: autoDraw = False
42.1913 	EXP 	feedback_text: autoDraw = False
42.1913 	EXP 	arrowhead: ori = 0.0
42.1913 	EXP 	arrowhead: autoDraw = True
42.8312 	EXP 	arrowhead: autoDraw = False
42.8312 	EXP 	feedback_text: text = '正確'
42.8312 	EXP 	cross: autoDraw = True
42.8312 	EXP 	feedback_text: autoDraw = True
43.1313 	EXP 	cross: autoDraw = False
43.4293 	EXP 	New trial (rep=0, index=2): {'practice_seq_files': 'sequences/890434_practice_sequence_02.csv'}
43.4338 	EXP 	Imported sequences/890434_practice_sequence_02.csv as conditions, 10 conditions, 4 params
43.4340 	EXP 	Created sequence: random, trialTypes=10, nReps=1, seed=None
43.4341 	EXP 	New trial (rep=0, index=0): OrderedDict([('orientation_degrees', 180), ('orientation_index', 2), ('correct_answer_index', 3), ('correct_answer_direction', 'left')])
43.4377 	EXP 	feedback_text: autoDraw = False
43.4377 	EXP 	cross: autoDraw = False
43.4377 	EXP 	feedback_text: autoDraw = False
43.4377 	EXP 	feedback_post_section: height = 2.0
43.4377 	EXP 	feedback_post_section: height = 2.0
43.4377 	EXP 	feedback_post_section: height = 2.0
43.4377 	EXP 	feedback_post_section: text = '\n        您在這一個段落的表現：(20 trials, 2 blocks)\n        平均反應時間：669 ms\n        正確率：80.0%\n        請按任意鍵繼續…\n        '
43.4377 	EXP 	feedback_post_section: autoDraw = False
43.4377 	EXP 	arrowhead: ori = 180.0
43.4377 	EXP 	arrowhead: autoDraw = True
44.0915 	EXP 	arrowhead: autoDraw = False
44.0915 	EXP 	feedback_text: text = '正確'
44.0915 	EXP 	cross: autoDraw = True
44.0915 	EXP 	feedback_text: autoDraw = True
44.3918 	EXP 	cross: autoDraw = False
44.6827 	EXP 	New trial (rep=0, index=1): OrderedDict([('orientation_degrees', 90), ('orientation_index', 1), ('correct_answer_index', 2), ('correct_answer_direction', 'down')])
44.6923 	EXP 	feedback_text: autoDraw = False
44.6923 	EXP 	cross: autoDraw = False
44.6923 	EXP 	feedback_text: autoDraw = False
44.6923 	EXP 	arrowhead: ori = 90.0
44.6923 	EXP 	arrowhead: autoDraw = True
45.4324 	EXP 	arrowhead: autoDraw = False
45.4324 	EXP 	feedback_text: text = '正確'
45.4324 	EXP 	cross: autoDraw = True
45.4324 	EXP 	feedback_text: autoDraw = True
45.7327 	EXP 	cross: autoDraw = False
46.0244 	EXP 	New trial (rep=0, index=2): OrderedDict([('orientation_degrees', 180), ('orientation_index', 2), ('correct_answer_index', 3), ('correct_answer_direction', 'left')])
46.0374 	EXP 	feedback_text: autoDraw = False
46.0374 	EXP 	cross: autoDraw = False
46.0374 	EXP 	feedback_text: autoDraw = False
46.0374 	EXP 	arrowhead: ori = 180.0
46.0374 	EXP 	arrowhead: autoDraw = True
46.8632 	EXP 	arrowhead: autoDraw = False
46.8632 	EXP 	feedback_text: text = '正確'
46.8632 	EXP 	cross: autoDraw = True
46.8632 	EXP 	feedback_text: autoDraw = True
47.1635 	EXP 	cross: autoDraw = False
47.4544 	EXP 	New trial (rep=0, index=3): OrderedDict([('orientation_degrees', 270), ('orientation_index', 3), ('correct_answer_index', 0), ('correct_answer_direction', 'up')])
47.4636 	EXP 	feedback_text: autoDraw = False
47.4636 	EXP 	cross: autoDraw = False
47.4636 	EXP 	feedback_text: autoDraw = False
47.4636 	EXP 	arrowhead: ori = 270.0
47.4636 	EXP 	arrowhead: autoDraw = True
48.1339 	EXP 	arrowhead: autoDraw = False
48.1339 	EXP 	feedback_text: text = '正確'
48.1339 	EXP 	cross: autoDraw = True
48.1339 	EXP 	feedback_text: autoDraw = True
48.4340 	EXP 	cross: autoDraw = False
48.7248 	EXP 	New trial (rep=0, index=4): OrderedDict([('orientation_degrees', 90), ('orientation_index', 1), ('correct_answer_index', 2), ('correct_answer_direction', 'down')])
48.7342 	EXP 	feedback_text: autoDraw = False
48.7342 	EXP 	cross: autoDraw = False
48.7342 	EXP 	feedback_text: autoDraw = False
48.7342 	EXP 	arrowhead: ori = 90.0
48.7342 	EXP 	arrowhead: autoDraw = True
49.2858 	EXP 	arrowhead: autoDraw = False
49.2858 	EXP 	feedback_text: text = '正確'
49.2858 	EXP 	cross: autoDraw = True
49.2858 	EXP 	feedback_text: autoDraw = True
49.5847 	EXP 	cross: autoDraw = False
49.8755 	EXP 	New trial (rep=0, index=5): OrderedDict([('orientation_degrees', 180), ('orientation_index', 2), ('correct_answer_index', 3), ('correct_answer_direction', 'left')])
49.8848 	EXP 	feedback_text: autoDraw = False
49.8848 	EXP 	cross: autoDraw = False
49.8848 	EXP 	feedback_text: autoDraw = False
49.8848 	EXP 	arrowhead: ori = 180.0
49.8848 	EXP 	arrowhead: autoDraw = True
50.3351 	EXP 	arrowhead: autoDraw = False
50.3351 	EXP 	feedback_text: text = '正確'
50.3351 	EXP 	cross: autoDraw = True
50.3351 	EXP 	feedback_text: autoDraw = True
50.6357 	EXP 	cross: autoDraw = False
50.9259 	EXP 	New trial (rep=0, index=6): OrderedDict([('orientation_degrees', 90), ('orientation_index', 1), ('correct_answer_index', 2), ('correct_answer_direction', 'down')])
50.9353 	EXP 	feedback_text: autoDraw = False
50.9353 	EXP 	cross: autoDraw = False
50.9353 	EXP 	feedback_text: autoDraw = False
50.9353 	EXP 	arrowhead: ori = 90.0
50.9353 	EXP 	arrowhead: autoDraw = True
51.4657 	EXP 	arrowhead: autoDraw = False
51.4657 	EXP 	feedback_text: height = 3.0
51.4657 	EXP 	feedback_text: height = 3.0
51.4657 	EXP 	feedback_text: height = 3.0
51.4657 	EXP 	feedback_text: text = '錯誤'
51.4657 	EXP 	cross: autoDraw = True
51.4657 	EXP 	feedback_text: autoDraw = True
51.7658 	EXP 	cross: autoDraw = False
52.0565 	EXP 	New trial (rep=0, index=7): OrderedDict([('orientation_degrees', 0), ('orientation_index', 0), ('correct_answer_index', 1), ('correct_answer_direction', 'right')])
52.0688 	EXP 	feedback_text: autoDraw = False
52.0688 	EXP 	cross: autoDraw = False
52.0688 	EXP 	feedback_text: autoDraw = False
52.0688 	EXP 	arrowhead: ori = 0.0
52.0688 	EXP 	arrowhead: autoDraw = True
52.9663 	EXP 	arrowhead: autoDraw = False
52.9663 	EXP 	feedback_text: height = 3.0
52.9663 	EXP 	feedback_text: height = 3.0
52.9663 	EXP 	feedback_text: height = 3.0
52.9663 	EXP 	feedback_text: text = '正確'
52.9663 	EXP 	cross: autoDraw = True
52.9663 	EXP 	feedback_text: autoDraw = True
53.2667 	EXP 	cross: autoDraw = False
53.5684 	EXP 	New trial (rep=0, index=8): OrderedDict([('orientation_degrees', 180), ('orientation_index', 2), ('correct_answer_index', 3), ('correct_answer_direction', 'left')])
53.5767 	EXP 	feedback_text: autoDraw = False
53.5767 	EXP 	cross: autoDraw = False
53.5767 	EXP 	feedback_text: autoDraw = False
53.5767 	EXP 	arrowhead: ori = 180.0
53.5767 	EXP 	arrowhead: autoDraw = True
54.1172 	EXP 	arrowhead: autoDraw = False
54.1172 	EXP 	feedback_text: text = '正確'
54.1172 	EXP 	cross: autoDraw = True
54.1172 	EXP 	feedback_text: autoDraw = True
54.4173 	EXP 	cross: autoDraw = False
54.7080 	EXP 	New trial (rep=0, index=9): OrderedDict([('orientation_degrees', 0), ('orientation_index', 0), ('correct_answer_index', 1), ('correct_answer_direction', 'right')])
54.7184 	EXP 	feedback_text: autoDraw = False
54.7184 	EXP 	cross: autoDraw = False
54.7184 	EXP 	feedback_text: autoDraw = False
54.7184 	EXP 	arrowhead: ori = 0.0
54.7184 	EXP 	arrowhead: autoDraw = True
55.2777 	EXP 	arrowhead: autoDraw = False
55.2777 	EXP 	feedback_text: text = '正確'
55.2777 	EXP 	cross: autoDraw = True
55.2777 	EXP 	feedback_text: autoDraw = True
55.5781 	EXP 	cross: autoDraw = False
55.8768 	EXP 	New trial (rep=0, index=3): {'practice_seq_files': 'sequences/890434_practice_sequence_00.csv'}
55.8808 	EXP 	Imported sequences/890434_practice_sequence_00.csv as conditions, 10 conditions, 4 params
55.8810 	EXP 	Created sequence: random, trialTypes=10, nReps=1, seed=None
55.8812 	EXP 	New trial (rep=0, index=0): OrderedDict([('orientation_degrees', 270), ('orientation_index', 3), ('correct_answer_index', 0), ('correct_answer_direction', 'up')])
55.8847 	EXP 	feedback_text: autoDraw = False
55.8847 	EXP 	cross: autoDraw = False
55.8847 	EXP 	feedback_text: autoDraw = False
55.8847 	EXP 	feedback_post_section: height = 2.0
55.8847 	EXP 	feedback_post_section: height = 2.0
55.8847 	EXP 	feedback_post_section: height = 2.0
55.8847 	EXP 	feedback_post_section: text = '\n        您在這一個段落的表現：(30 trials, 3 blocks)\n        平均反應時間：655 ms\n        正確率：83.33333333333334%\n        請按任意鍵繼續…\n        '
55.8847 	EXP 	feedback_post_section: autoDraw = False
55.8847 	EXP 	arrowhead: ori = 270.0
55.8847 	EXP 	arrowhead: autoDraw = True
56.6584 	EXP 	arrowhead: autoDraw = False
56.6584 	EXP 	feedback_text: text = '正確'
56.6584 	EXP 	cross: autoDraw = True
56.6584 	EXP 	feedback_text: autoDraw = True
56.9584 	EXP 	cross: autoDraw = False
57.2494 	EXP 	New trial (rep=0, index=1): OrderedDict([('orientation_degrees', 90), ('orientation_index', 1), ('correct_answer_index', 2), ('correct_answer_direction', 'down')])
57.2593 	EXP 	feedback_text: autoDraw = False
57.2593 	EXP 	cross: autoDraw = False
57.2593 	EXP 	feedback_text: autoDraw = False
57.2593 	EXP 	arrowhead: ori = 90.0
57.2593 	EXP 	arrowhead: autoDraw = True
57.8098 	EXP 	arrowhead: autoDraw = False
57.8098 	EXP 	feedback_text: text = '正確'
57.8098 	EXP 	cross: autoDraw = True
57.8098 	EXP 	feedback_text: autoDraw = True
58.1094 	EXP 	cross: autoDraw = False
58.3999 	EXP 	New trial (rep=0, index=2): OrderedDict([('orientation_degrees', 270), ('orientation_index', 3), ('correct_answer_index', 0), ('correct_answer_direction', 'up')])
58.4091 	EXP 	feedback_text: autoDraw = False
58.4091 	EXP 	cross: autoDraw = False
58.4091 	EXP 	feedback_text: autoDraw = False
58.4091 	EXP 	arrowhead: ori = 270.0
58.4091 	EXP 	arrowhead: autoDraw = True
59.4499 	EXP 	arrowhead: autoDraw = False
59.4499 	EXP 	feedback_text: height = 3.0
59.4499 	EXP 	feedback_text: height = 3.0
59.4499 	EXP 	feedback_text: height = 3.0
59.4499 	EXP 	feedback_text: text = '錯誤'
59.4499 	EXP 	cross: autoDraw = True
59.4499 	EXP 	feedback_text: autoDraw = True
59.7500 	EXP 	cross: autoDraw = False
60.0409 	EXP 	New trial (rep=0, index=3): OrderedDict([('orientation_degrees', 0), ('orientation_index', 0), ('correct_answer_index', 1), ('correct_answer_direction', 'right')])
60.0504 	EXP 	feedback_text: autoDraw = False
60.0504 	EXP 	cross: autoDraw = False
60.0504 	EXP 	feedback_text: autoDraw = False
60.0504 	EXP 	arrowhead: ori = 0.0
60.0504 	EXP 	arrowhead: autoDraw = True
60.6520 	EXP 	arrowhead: autoDraw = False
60.6520 	EXP 	feedback_text: height = 3.0
60.6520 	EXP 	feedback_text: height = 3.0
60.6520 	EXP 	feedback_text: height = 3.0
60.6520 	EXP 	feedback_text: text = '正確'
60.6520 	EXP 	cross: autoDraw = True
60.6520 	EXP 	feedback_text: autoDraw = True
60.9508 	EXP 	cross: autoDraw = False
61.2414 	EXP 	New trial (rep=0, index=4): OrderedDict([('orientation_degrees', 90), ('orientation_index', 1), ('correct_answer_index', 2), ('correct_answer_direction', 'down')])
61.2509 	EXP 	feedback_text: autoDraw = False
61.2509 	EXP 	cross: autoDraw = False
61.2509 	EXP 	feedback_text: autoDraw = False
61.2509 	EXP 	arrowhead: ori = 90.0
61.2509 	EXP 	arrowhead: autoDraw = True
61.7915 	EXP 	arrowhead: autoDraw = False
61.7915 	EXP 	feedback_text: text = '正確'
61.7915 	EXP 	cross: autoDraw = True
61.7915 	EXP 	feedback_text: autoDraw = True
62.0914 	EXP 	cross: autoDraw = False
62.3822 	EXP 	New trial (rep=0, index=5): OrderedDict([('orientation_degrees', 180), ('orientation_index', 2), ('correct_answer_index', 3), ('correct_answer_direction', 'left')])
62.3920 	EXP 	feedback_text: autoDraw = False
62.3920 	EXP 	cross: autoDraw = False
62.3920 	EXP 	feedback_text: autoDraw = False
62.3920 	EXP 	arrowhead: ori = 180.0
62.3920 	EXP 	arrowhead: autoDraw = True
62.9418 	EXP 	arrowhead: autoDraw = False
62.9418 	EXP 	feedback_text: text = '正確'
62.9418 	EXP 	cross: autoDraw = True
62.9418 	EXP 	feedback_text: autoDraw = True
63.2424 	EXP 	cross: autoDraw = False
63.5332 	EXP 	New trial (rep=0, index=6): OrderedDict([('orientation_degrees', 0), ('orientation_index', 0), ('correct_answer_index', 1), ('correct_answer_direction', 'right')])
63.5420 	EXP 	feedback_text: autoDraw = False
63.5420 	EXP 	cross: autoDraw = False
63.5420 	EXP 	feedback_text: autoDraw = False
63.5420 	EXP 	arrowhead: ori = 0.0
63.5420 	EXP 	arrowhead: autoDraw = True
64.1928 	EXP 	arrowhead: autoDraw = False
64.1928 	EXP 	feedback_text: text = '正確'
64.1928 	EXP 	cross: autoDraw = True
64.1928 	EXP 	feedback_text: autoDraw = True
64.4926 	EXP 	cross: autoDraw = False
64.7837 	EXP 	New trial (rep=0, index=7): OrderedDict([('orientation_degrees', 0), ('orientation_index', 0), ('correct_answer_index', 1), ('correct_answer_direction', 'right')])
64.7930 	EXP 	feedback_text: autoDraw = False
64.7930 	EXP 	cross: autoDraw = False
64.7930 	EXP 	feedback_text: autoDraw = False
64.7930 	EXP 	arrowhead: ori = 0.0
64.7930 	EXP 	arrowhead: autoDraw = True
65.8435 	EXP 	arrowhead: autoDraw = False
65.8435 	EXP 	feedback_text: text = '正確'
65.8435 	EXP 	cross: autoDraw = True
65.8435 	EXP 	feedback_text: autoDraw = True
66.1435 	EXP 	cross: autoDraw = False
66.4344 	EXP 	New trial (rep=0, index=8): OrderedDict([('orientation_degrees', 0), ('orientation_index', 0), ('correct_answer_index', 1), ('correct_answer_direction', 'right')])
66.4437 	EXP 	feedback_text: autoDraw = False
66.4437 	EXP 	cross: autoDraw = False
66.4437 	EXP 	feedback_text: autoDraw = False
66.4437 	EXP 	arrowhead: ori = 0.0
66.4437 	EXP 	arrowhead: autoDraw = True
66.9740 	EXP 	arrowhead: autoDraw = False
66.9740 	EXP 	feedback_text: height = 3.0
66.9740 	EXP 	feedback_text: height = 3.0
66.9740 	EXP 	feedback_text: height = 3.0
66.9740 	EXP 	feedback_text: text = '錯誤'
66.9740 	EXP 	cross: autoDraw = True
66.9740 	EXP 	feedback_text: autoDraw = True
67.2739 	EXP 	cross: autoDraw = False
67.5658 	EXP 	New trial (rep=0, index=9): OrderedDict([('orientation_degrees', 90), ('orientation_index', 1), ('correct_answer_index', 2), ('correct_answer_direction', 'down')])
67.5739 	EXP 	feedback_text: autoDraw = False
67.5739 	EXP 	cross: autoDraw = False
67.5739 	EXP 	feedback_text: autoDraw = False
67.5739 	EXP 	arrowhead: ori = 90.0
67.5739 	EXP 	arrowhead: autoDraw = True
68.2548 	EXP 	arrowhead: autoDraw = False
68.2548 	EXP 	feedback_text: height = 3.0
68.2548 	EXP 	feedback_text: height = 3.0
68.2548 	EXP 	feedback_text: height = 3.0
68.2548 	EXP 	feedback_text: text = '正確'
68.2548 	EXP 	cross: autoDraw = True
68.2548 	EXP 	feedback_text: autoDraw = True
68.5549 	EXP 	cross: autoDraw = False
68.8512 	EXP 	New trial (rep=0, index=4): {'practice_seq_files': 'sequences/890434_practice_sequence_03.csv'}
68.8552 	EXP 	Imported sequences/890434_practice_sequence_03.csv as conditions, 10 conditions, 4 params
68.8555 	EXP 	Created sequence: random, trialTypes=10, nReps=1, seed=None
68.8556 	EXP 	New trial (rep=0, index=0): OrderedDict([('orientation_degrees', 180), ('orientation_index', 2), ('correct_answer_index', 3), ('correct_answer_direction', 'left')])
68.8593 	EXP 	feedback_text: autoDraw = False
68.8593 	EXP 	cross: autoDraw = False
68.8593 	EXP 	feedback_text: autoDraw = False
68.8593 	EXP 	feedback_post_section: height = 2.0
68.8593 	EXP 	feedback_post_section: height = 2.0
68.8593 	EXP 	feedback_post_section: height = 2.0
68.8593 	EXP 	feedback_post_section: text = '\n        您在這一個段落的表現：(40 trials, 4 blocks)\n        平均反應時間：662 ms\n        正確率：82.5%\n        請按任意鍵繼續…\n        '
68.8593 	EXP 	feedback_post_section: autoDraw = False
68.8593 	EXP 	arrowhead: ori = 180.0
68.8593 	EXP 	arrowhead: autoDraw = True
69.3850 	EXP 	arrowhead: autoDraw = False
69.3850 	EXP 	feedback_text: text = '正確'
69.3850 	EXP 	cross: autoDraw = True
69.3850 	EXP 	feedback_text: autoDraw = True
69.6852 	EXP 	cross: autoDraw = False
69.9763 	EXP 	New trial (rep=0, index=1): OrderedDict([('orientation_degrees', 270), ('orientation_index', 3), ('correct_answer_index', 0), ('correct_answer_direction', 'up')])
69.9855 	EXP 	feedback_text: autoDraw = False
69.9855 	EXP 	cross: autoDraw = False
69.9855 	EXP 	feedback_text: autoDraw = False
69.9855 	EXP 	arrowhead: ori = 270.0
69.9855 	EXP 	arrowhead: autoDraw = True
70.5670 	EXP 	arrowhead: autoDraw = False
70.5670 	EXP 	feedback_text: text = '正確'
70.5670 	EXP 	cross: autoDraw = True
70.5670 	EXP 	feedback_text: autoDraw = True
70.8661 	EXP 	cross: autoDraw = False
71.1568 	EXP 	New trial (rep=0, index=2): OrderedDict([('orientation_degrees', 180), ('orientation_index', 2), ('correct_answer_index', 3), ('correct_answer_direction', 'left')])
71.1663 	EXP 	feedback_text: autoDraw = False
71.1663 	EXP 	cross: autoDraw = False
71.1663 	EXP 	feedback_text: autoDraw = False
71.1663 	EXP 	arrowhead: ori = 180.0
71.1663 	EXP 	arrowhead: autoDraw = True
72.0268 	EXP 	arrowhead: autoDraw = False
72.0268 	EXP 	feedback_text: text = '正確'
72.0268 	EXP 	cross: autoDraw = True
72.0268 	EXP 	feedback_text: autoDraw = True
72.3265 	EXP 	cross: autoDraw = False
72.6176 	EXP 	New trial (rep=0, index=3): OrderedDict([('orientation_degrees', 0), ('orientation_index', 0), ('correct_answer_index', 1), ('correct_answer_direction', 'right')])
72.6271 	EXP 	feedback_text: autoDraw = False
72.6271 	EXP 	cross: autoDraw = False
72.6271 	EXP 	feedback_text: autoDraw = False
72.6271 	EXP 	arrowhead: ori = 0.0
72.6271 	EXP 	arrowhead: autoDraw = True
73.1774 	EXP 	arrowhead: autoDraw = False
73.1774 	EXP 	feedback_text: text = '正確'
73.1774 	EXP 	cross: autoDraw = True
73.1774 	EXP 	feedback_text: autoDraw = True
73.4778 	EXP 	cross: autoDraw = False
73.7681 	EXP 	New trial (rep=0, index=4): OrderedDict([('orientation_degrees', 90), ('orientation_index', 1), ('correct_answer_index', 2), ('correct_answer_direction', 'down')])
73.7776 	EXP 	feedback_text: autoDraw = False
73.7776 	EXP 	cross: autoDraw = False
73.7776 	EXP 	feedback_text: autoDraw = False
73.7776 	EXP 	arrowhead: ori = 90.0
73.7776 	EXP 	arrowhead: autoDraw = True
74.3291 	EXP 	arrowhead: autoDraw = False
74.3291 	EXP 	feedback_text: text = '正確'
74.3291 	EXP 	cross: autoDraw = True
74.3291 	EXP 	feedback_text: autoDraw = True
74.6282 	EXP 	cross: autoDraw = False
74.9189 	EXP 	New trial (rep=0, index=5): OrderedDict([('orientation_degrees', 90), ('orientation_index', 1), ('correct_answer_index', 2), ('correct_answer_direction', 'down')])
74.9281 	EXP 	feedback_text: autoDraw = False
74.9281 	EXP 	cross: autoDraw = False
74.9281 	EXP 	feedback_text: autoDraw = False
74.9281 	EXP 	arrowhead: ori = 90.0
74.9281 	EXP 	arrowhead: autoDraw = True
75.4585 	EXP 	arrowhead: autoDraw = False
75.4585 	EXP 	feedback_text: text = '正確'
75.4585 	EXP 	cross: autoDraw = True
75.4585 	EXP 	feedback_text: autoDraw = True
75.7589 	EXP 	cross: autoDraw = False
76.0494 	EXP 	New trial (rep=0, index=6): OrderedDict([('orientation_degrees', 0), ('orientation_index', 0), ('correct_answer_index', 1), ('correct_answer_direction', 'right')])
76.0588 	EXP 	feedback_text: autoDraw = False
76.0588 	EXP 	cross: autoDraw = False
76.0588 	EXP 	feedback_text: autoDraw = False
76.0588 	EXP 	arrowhead: ori = 0.0
76.0588 	EXP 	arrowhead: autoDraw = True
76.6089 	EXP 	arrowhead: autoDraw = False
76.6089 	EXP 	feedback_text: height = 3.0
76.6089 	EXP 	feedback_text: height = 3.0
76.6089 	EXP 	feedback_text: height = 3.0
76.6089 	EXP 	feedback_text: text = '錯誤'
76.6089 	EXP 	cross: autoDraw = True
76.6089 	EXP 	feedback_text: autoDraw = True
76.9097 	EXP 	cross: autoDraw = False
77.2004 	EXP 	New trial (rep=0, index=7): OrderedDict([('orientation_degrees', 90), ('orientation_index', 1), ('correct_answer_index', 2), ('correct_answer_direction', 'down')])
77.2094 	EXP 	feedback_text: autoDraw = False
77.2094 	EXP 	cross: autoDraw = False
77.2094 	EXP 	feedback_text: autoDraw = False
77.2094 	EXP 	arrowhead: ori = 90.0
77.2094 	EXP 	arrowhead: autoDraw = True
77.8896 	EXP 	arrowhead: autoDraw = False
77.8896 	EXP 	feedback_text: height = 3.0
77.8896 	EXP 	feedback_text: height = 3.0
77.8896 	EXP 	feedback_text: height = 3.0
77.8896 	EXP 	feedback_text: text = '正確'
77.8896 	EXP 	cross: autoDraw = True
77.8896 	EXP 	feedback_text: autoDraw = True
78.1905 	EXP 	cross: autoDraw = False
78.4808 	EXP 	New trial (rep=0, index=8): OrderedDict([('orientation_degrees', 90), ('orientation_index', 1), ('correct_answer_index', 2), ('correct_answer_direction', 'down')])
78.4900 	EXP 	feedback_text: autoDraw = False
78.4900 	EXP 	cross: autoDraw = False
78.4900 	EXP 	feedback_text: autoDraw = False
78.4900 	EXP 	arrowhead: ori = 90.0
78.4900 	EXP 	arrowhead: autoDraw = True
79.1845 	EXP 	arrowhead: autoDraw = False
79.1845 	EXP 	feedback_text: text = '正確'
79.1845 	EXP 	cross: autoDraw = True
79.1845 	EXP 	feedback_text: autoDraw = True
79.4804 	EXP 	cross: autoDraw = False
79.7711 	EXP 	New trial (rep=0, index=9): OrderedDict([('orientation_degrees', 0), ('orientation_index', 0), ('correct_answer_index', 1), ('correct_answer_direction', 'right')])
79.7806 	EXP 	feedback_text: autoDraw = False
79.7806 	EXP 	cross: autoDraw = False
79.7806 	EXP 	feedback_text: autoDraw = False
79.7806 	EXP 	arrowhead: ori = 0.0
79.7806 	EXP 	arrowhead: autoDraw = True
80.7312 	EXP 	arrowhead: autoDraw = False
80.7312 	EXP 	feedback_text: text = '正確'
80.7312 	EXP 	cross: autoDraw = True
80.7312 	EXP 	feedback_text: autoDraw = True
81.0315 	EXP 	cross: autoDraw = False
81.3327 	EXP 	feedback_text: autoDraw = False
81.3327 	EXP 	cross: autoDraw = False
81.3327 	EXP 	feedback_text: autoDraw = False
81.3327 	EXP 	feedback_post_section: height = 2.0
81.3327 	EXP 	feedback_post_section: height = 2.0
81.3327 	EXP 	feedback_post_section: height = 2.0
81.3327 	EXP 	feedback_post_section: text = '\n        您在這一個段落的表現：(50 trials, 5 blocks)\n        平均反應時間：656 ms\n        正確率：84.0%\n        請按任意鍵繼續…\n        '
81.3327 	EXP 	feedback_post_section: autoDraw = True
93.1598 	EXP 	ASRT_motor: status = STOPPED
93.1678 	EXP 	feedback_post_section: autoDraw = False
93.1679 	EXP 	ASRT_motor: status = STOPPED
93.6841 	EXP 	window1: mouseVisible = True
